Log file open, 08/30/16 14:35:48
LogInit:Display: Running engine for game: UnrealBlank
LogPlatformFile: Not using cached read wrapper
LogInit:Display: RandInit(31330725) SRandInit(31330726).
LogTaskGraph: Started task graph with 4 named threads and 7 total threads.
LogStats: Stats thread started at 0.066570
LogHMD: Can't find Oculus library dev build: is proper Runtime installed? Version: 1.3.0
LogInit: Version: 4.11.2-2946394+++UE4+Release-4.11
LogInit: API Version: 2927265
LogInit: Compiled (64-bit): Apr 18 2016 02:18:46
LogInit: Compiled with Visual C++: 19.00.23026.00
LogInit: Build Configuration: Development
LogInit: Branch Name: ++UE4+Release-4.11
LogInit: Command line: 
LogInit: Base directory: C:/Program Files/Epic Games/4.11/Engine/Binaries/Win64/
LogInit: Installed Engine Build: 1
LogInit: Using libcurl 7.41.0
LogInit:  - built for x86_64-pc-win32
LogInit:  - supports SSL with WinSSL
LogInit:  - other features:
LogInit:      CURL_VERSION_SSL
LogInit:      CURL_VERSION_IPV6
LogInit:      CURL_VERSION_ASYNCHDNS
LogInit:      CURL_VERSION_LARGEFILE
LogInit:      CURL_VERSION_IDN
LogInit:  CurlRequestOptions (configurable via config and command line):
LogInit:  - bVerifyPeer = true  - Libcurl will verify peer certificate
LogInit:  - bUseHttpProxy = false  - Libcurl will NOT use HTTP proxy
LogInit:  - bDontReuseConnections = false  - Libcurl will reuse connections
LogInit:  - CertBundlePath = nullptr  - Libcurl will use whatever was configured at build time.
LogInit: Presizing for max 16777216 objects, including 0 objects not considered by GC, pre-allocating 0 bytes for permanent pool.
LogInit: Object subsystem initialized
[2016.08.30-04.35.49:056][  0]LogInit: Selected Device Profile: [Windows]
[2016.08.30-04.35.49:056][  0]LogInit: Applying CVar settings loaded from the selected device profile: [Windows]
[2016.08.30-04.35.49:063][  0]LogInit: Computer: FRAW109-BN2TF42
[2016.08.30-04.35.49:063][  0]LogInit: User: l201636464
[2016.08.30-04.35.49:063][  0]LogInit: CPU Page size=65536, Cores=4
[2016.08.30-04.35.49:063][  0]LogInit: High frequency timer resolution =3.515641 MHz
[2016.08.30-04.35.49:063][  0]LogMemory: Memory total: Physical=15.9GB (16GB approx)
[2016.08.30-04.35.49:063][  0]LogMemory: Platform Memory Stats for Windows
[2016.08.30-04.35.49:063][  0]LogMemory: Process Physical Memory: 310.81 MB used, 310.81 MB peak
[2016.08.30-04.35.49:063][  0]LogMemory: Process Virtual Memory: 314.73 MB used, 314.73 MB peak
[2016.08.30-04.35.49:063][  0]LogMemory: Physical Memory: 4648.66 MB used, 16298.84 MB total
[2016.08.30-04.35.49:063][  0]LogMemory: Virtual Memory: 634.80 MB used, 134217728.00 MB total
[2016.08.30-04.35.49:084][  0]LogTextLocalizationManager: No specific translations for ('en-AU') exist, so ('en') translations will be used.
[2016.08.30-04.35.49:404][  0]LogD3D11RHI: D3D11 adapters:
[2016.08.30-04.35.49:409][  0]LogD3D11RHI:    0. 'AMD Radeon R9 200 Series' (Feature Level 11_0)
[2016.08.30-04.35.49:409][  0]LogD3D11RHI:       2022MB of dedicated video memory, 0MB of dedicated system memory, and 7936MB of shared system memory, 1 output[s]
[2016.08.30-04.35.49:414][  0]LogD3D11RHI:    1. 'Intel(R) HD Graphics 4600' (Feature Level 11_0)
[2016.08.30-04.35.49:414][  0]LogD3D11RHI:       0MB of dedicated video memory, 0MB of dedicated system memory, and 1792MB of shared system memory, 0 output[s]
[2016.08.30-04.35.49:415][  0]LogD3D11RHI:    2. 'Microsoft Basic Render Driver' (Feature Level 11_0)
[2016.08.30-04.35.49:415][  0]LogD3D11RHI:       0MB of dedicated video memory, 0MB of dedicated system memory, and 256MB of shared system memory, 0 output[s]
[2016.08.30-04.35.49:415][  0]LogD3D11RHI: Chosen D3D11 Adapter: 0
[2016.08.30-04.35.49:418][  0]LogD3D11RHI: Creating new Direct3DDevice
[2016.08.30-04.35.49:418][  0]LogD3D11RHI:     Adapter Name: AMD Radeon R9 200 Series
[2016.08.30-04.35.49:418][  0]LogD3D11RHI:   Driver Version: Unknown (internal Unknown)
[2016.08.30-04.35.49:418][  0]LogD3D11RHI:      Driver Date: Unknown
[2016.08.30-04.35.49:418][  0]LogRHI: Texture pool is 1361 MB (70% of 1945 MB)
[2016.08.30-04.35.49:421][  0]LogD3D11RHI: Async texture creation disabled: no driver support
[2016.08.30-04.35.49:431][  0]LogShaderCompilers: Guid format shader working directory is -23 characters bigger than the processId version (../../../../../../Users/l201636464/Documents/Unreal Projects/UnrealBlank/Intermediate/Shaders/WorkingDirectory/7008/).
[2016.08.30-04.35.49:431][  0]LogShaderCompilers: Cleaned the shader compiler working directory 'C:/Users/L20163~1/AppData/Local/Temp/UnrealShaderWorkingDir/49B02BDE4781D16BE803489EDD69069A/'.
[2016.08.30-04.35.49:431][  0]LogShaderCompilers:Display: Using Local Shader Compiler.
[2016.08.30-04.35.50:169][  0]LogTemp:Display: Loaded TP AllDesktopTargetPlatform
[2016.08.30-04.35.50:172][  0]LogTemp:Display: Loaded TP WindowsClientTargetPlatform
[2016.08.30-04.35.50:175][  0]LogTemp:Display: Loaded TP WindowsNoEditorTargetPlatform
[2016.08.30-04.35.50:178][  0]LogTemp:Display: Loaded TP WindowsServerTargetPlatform
[2016.08.30-04.35.50:181][  0]LogTemp:Display: Loaded TP WindowsTargetPlatform
[2016.08.30-04.35.50:183][  0]LogTemp:Display: Loaded TP AndroidTargetPlatform
[2016.08.30-04.35.50:185][  0]LogTemp:Display: Loaded TP Android_ASTCTargetPlatform
[2016.08.30-04.35.50:187][  0]LogTemp:Display: Loaded TP Android_ATCTargetPlatform
[2016.08.30-04.35.50:189][  0]LogTemp:Display: Loaded TP Android_DXTTargetPlatform
[2016.08.30-04.35.50:191][  0]LogTemp:Display: Loaded TP Android_ETC1TargetPlatform
[2016.08.30-04.35.50:193][  0]LogTemp:Display: Loaded TP Android_ETC2TargetPlatform
[2016.08.30-04.35.50:198][  0]LogTemp:Display: Loaded TP Android_MultiTargetPlatform
[2016.08.30-04.35.50:198][  0]LogTemp:Display: Loaded TP Android_PVRTCTargetPlatform
[2016.08.30-04.35.50:199][  0]LogTemp:Display: Loaded TP HTML5TargetPlatform
[2016.08.30-04.35.50:213][  0]LogTemp:Display: Loaded TP IOSTargetPlatform
[2016.08.30-04.35.50:215][  0]LogTemp:Display: Loaded TP TVOSTargetPlatform
[2016.08.30-04.35.50:217][  0]LogTemp:Display: Loaded TP LinuxNoEditorTargetPlatform
[2016.08.30-04.35.50:219][  0]LogTemp:Display: Loaded TP LinuxServerTargetPlatform
[2016.08.30-04.35.50:221][  0]LogTemp:Display: Loaded TP LinuxTargetPlatform
[2016.08.30-04.35.50:221][  0]LogTargetPlatformManager:Display: Building Assets For Windows
[2016.08.30-04.35.50:263][  0]LogDerivedDataCache:Display: Max Cache Size: 512 MB
[2016.08.30-04.35.50:312][  0]LogDerivedDataCache: Loaded boot cache 0.05s 58MB C:/Users/l201636464/AppData/Local/UnrealEngine/4.11/DerivedDataCache/Boot.ddc.
[2016.08.30-04.35.50:312][  0]LogDerivedDataCache:Display: Loaded Boot cache: C:/Users/l201636464/AppData/Local/UnrealEngine/4.11/DerivedDataCache/Boot.ddc
[2016.08.30-04.35.50:312][  0]LogDerivedDataCache: FDerivedDataBackendGraph:  Pak pak cache file ../../../../../../Users/l201636464/Documents/Unreal Projects/UnrealBlank/DerivedDataCache/DDC.ddp not found, will not use a pak cache.
[2016.08.30-04.35.50:312][  0]LogDerivedDataCache: Unable to find inner node Pak for hierarchical cache Hierarchy.
[2016.08.30-04.35.50:312][  0]LogDerivedDataCache: FDerivedDataBackendGraph:  CompressedPak pak cache file ../../../../../../Users/l201636464/Documents/Unreal Projects/UnrealBlank/DerivedDataCache/Compressed.ddp not found, will not use a pak cache.
[2016.08.30-04.35.50:312][  0]LogDerivedDataCache: Unable to find inner node CompressedPak for hierarchical cache Hierarchy.
[2016.08.30-04.35.50:324][  0]LogDerivedDataCache:Display: Pak cache opened for reading ../../../Engine/DerivedDataCache/Compressed.ddp.
[2016.08.30-04.35.50:336][  0]LogDerivedDataCache: Using Local data cache path C:/Users/l201636464/AppData/Local/UnrealEngine/Common/DerivedDataCache: Writable
[2016.08.30-04.35.50:453][  0]LogInit: Selected Device Profile: [Windows]
[2016.08.30-04.35.50:453][  0]LogContentStreaming: Texture pool size is 0.00 MB
[2016.08.30-04.35.50:479][  0]LogMaterial: Uniform references updated for custom material expression Custom.
[2016.08.30-04.35.50:569][  0]LogMeshUtilities: No automatic mesh reduction module available
[2016.08.30-04.35.50:569][  0]LogMeshUtilities: No automatic mesh merging module available
[2016.08.30-04.35.50:569][  0]LogMeshUtilities: No distributed automatic mesh merging module available
[2016.08.30-04.35.50:759][  0]LogUObjectArray: 27679 objects as part of root set at end of initial load.
[2016.08.30-04.35.50:759][  0]LogUObjectAllocator: 5591592 out of 0 bytes used by permanent object pool.
[2016.08.30-04.35.50:759][  0]LogUObjectArray: CloseDisregardForGC: 0/0 objects in disregard for GC pool
[2016.08.30-04.35.50:763][  0]LogInit: WinSock: version 1.1 (2.2), MaxSocks=32767, MaxUdp=65467
[2016.08.30-04.35.50:819][  0]LogSlate: SlateFontCache - WITH_FREETYPE: 1, WITH_HARFBUZZ: 1
[2016.08.30-04.35.50:819][  0]LogSlate: SlateFontCache - WITH_FREETYPE: 1, WITH_HARFBUZZ: 1
[2016.08.30-04.35.50:891][  0]LogStreaming:Warning: Failed to read file '../../../Engine/Content/Editor/Slate/Common/Selection_16x.png' error.
[2016.08.30-04.35.50:891][  0]LogSlate: Could not find file for Slate resource: ../../../Engine/Content/Editor/Slate/Common/Selection_16x.png
[2016.08.30-04.35.50:891][  0]LogStreaming:Warning: Failed to read file '../../../Engine/Content/Editor/Slate/Common/Selection_16x.png' error.
[2016.08.30-04.35.50:891][  0]LogSlate: Could not find file for Slate resource: ../../../Engine/Content/Editor/Slate/Common/Selection_16x.png
[2016.08.30-04.35.50:891][  0]LogStreaming:Warning: Failed to read file '../../../Engine/Content/Editor/Slate/Common/Selection_16x.png' error.
[2016.08.30-04.35.50:891][  0]LogSlate: Could not find file for Slate resource: ../../../Engine/Content/Editor/Slate/Common/Selection_16x.png
[2016.08.30-04.35.51:315][  0]LogUdpMessaging: Initializing bridge on interface 0.0.0.0:0 to multicast group 230.0.0.1:6666.
[2016.08.30-04.35.51:446][  0]LogAssetRegistry: FAssetRegistry took 0.0217 seconds to start up
[2016.08.30-04.35.51:539][  0]SourceControl: Info Source control is disabled
[2016.08.30-04.35.51:539][  0]SourceControl: Info Source control is disabled
[2016.08.30-04.35.51:544][  0]SourceControl: Info Source control is disabled
[2016.08.30-04.35.51:548][  0]SourceControl: Info Source control is disabled
[2016.08.30-04.35.51:622][  0]LogHMD: Failed to initialize OpenVR with code 110
[2016.08.30-04.35.51:671][  0]LogEngine: Initializing Engine...
[2016.08.30-04.35.51:770][  0]LogAIModule: Creating AISystem for world NewWorld
[2016.08.30-04.35.51:775][  0]LogInit: XAudio2 using 'Speakers (Plantronics HD1)' : 2 channels at 44.1 kHz using 16 bits per sample (channel mask 0x3)
[2016.08.30-04.35.51:785][  0]LogInit: FAudioDevice initialized.
[2016.08.30-04.35.51:809][  0]LogDerivedDataCache: Saved boot cache 0.02s 58MB C:/Users/l201636464/AppData/Local/UnrealEngine/4.11/DerivedDataCache/Boot.ddc.
[2016.08.30-04.35.51:814][  0]LogInit: Texture streaming: Enabled
[2016.08.30-04.35.51:829][  0]LogInit: Transaction tracking system initialized
[2016.08.30-04.35.51:841][  0]BlueprintLog: New page: Editor Load
[2016.08.30-04.35.51:983][  0]LocalizationService: Info Localization service is disabled
[2016.08.30-04.35.52:074][  0]LogConsoleResponse:Display: 
[2016.08.30-04.35.52:147][  0]LogFileCache: Scanning file cache for directory 'C:/Users/l201636464/Documents/Unreal Projects/UnrealBlank/Content/' took 0.01s
[2016.08.30-04.35.52:147][  0]LogCook:Display: Max memory allowance for cook 8192mb
[2016.08.30-04.35.52:147][  0]LogCook:Display: Mobile HDR setting 1
[2016.08.30-04.35.52:147][  0]LogCook:Display: Done creating registry. It took  0.00s.
[2016.08.30-04.35.52:182][  0]SourceControl: Info Source control is disabled
[2016.08.30-04.35.52:183][  0]LogFactory: FactoryCreateBinary: PackFactory with PackFactory (0 0 C:/Program Files/Epic Games/4.11/FeaturePacks/StarterContent.upack)
[2016.08.30-04.35.52:202][  0]LogPackFactory: Finished extracting 8 files (including 0 errors).
[2016.08.30-04.35.52:215][  0]LogPackFactory: Copied "../../../Samples/StarterContent/Content/StarterContent/Architecture/Floor_400x400.uasset" to "../../../../../../Users/l201636464/Documents/Unreal Projects/UnrealBlank/Content/StarterContent/Architecture/Floor_400x400.uasset"
[2016.08.30-04.35.52:226][  0]LogPackFactory: Copied "../../../Samples/StarterContent/Content/StarterContent/Architecture/Pillar_50x500.uasset" to "../../../../../../Users/l201636464/Documents/Unreal Projects/UnrealBlank/Content/StarterContent/Architecture/Pillar_50x500.uasset"
[2016.08.30-04.35.52:243][  0]LogPackFactory: Copied "../../../Samples/StarterContent/Content/StarterContent/Architecture/SM_AssetPlatform.uasset" to "../../../../../../Users/l201636464/Documents/Unreal Projects/UnrealBlank/Content/StarterContent/Architecture/SM_AssetPlatform.uasset"
[2016.08.30-04.35.52:249][  0]LogPackFactory: Copied "../../../Samples/StarterContent/Content/StarterContent/Architecture/Wall_400x200.uasset" to "../../../../../../Users/l201636464/Documents/Unreal Projects/UnrealBlank/Content/StarterContent/Architecture/Wall_400x200.uasset"
[2016.08.30-04.35.52:257][  0]LogPackFactory: Copied "../../../Samples/StarterContent/Content/StarterContent/Architecture/Wall_400x300.uasset" to "../../../../../../Users/l201636464/Documents/Unreal Projects/UnrealBlank/Content/StarterContent/Architecture/Wall_400x300.uasset"
[2016.08.30-04.35.52:267][  0]LogPackFactory: Copied "../../../Samples/StarterContent/Content/StarterContent/Architecture/Wall_400x400.uasset" to "../../../../../../Users/l201636464/Documents/Unreal Projects/UnrealBlank/Content/StarterContent/Architecture/Wall_400x400.uasset"
[2016.08.30-04.35.52:277][  0]LogPackFactory: Copied "../../../Samples/StarterContent/Content/StarterContent/Architecture/Wall_500x500.uasset" to "../../../../../../Users/l201636464/Documents/Unreal Projects/UnrealBlank/Content/StarterContent/Architecture/Wall_500x500.uasset"
[2016.08.30-04.35.52:284][  0]LogPackFactory: Copied "../../../Samples/StarterContent/Content/StarterContent/Architecture/Wall_Door_400x300.uasset" to "../../../../../../Users/l201636464/Documents/Unreal Projects/UnrealBlank/Content/StarterContent/Architecture/Wall_Door_400x300.uasset"
[2016.08.30-04.35.52:290][  0]LogPackFactory: Copied "../../../Samples/StarterContent/Content/StarterContent/Architecture/Wall_Door_400x400.uasset" to "../../../../../../Users/l201636464/Documents/Unreal Projects/UnrealBlank/Content/StarterContent/Architecture/Wall_Door_400x400.uasset"
[2016.08.30-04.35.52:296][  0]LogPackFactory: Copied "../../../Samples/StarterContent/Content/StarterContent/Architecture/Wall_Window_400x300.uasset" to "../../../../../../Users/l201636464/Documents/Unreal Projects/UnrealBlank/Content/StarterContent/Architecture/Wall_Window_400x300.uasset"
[2016.08.30-04.35.52:302][  0]LogPackFactory: Copied "../../../Samples/StarterContent/Content/StarterContent/Architecture/Wall_Window_400x400.uasset" to "../../../../../../Users/l201636464/Documents/Unreal Projects/UnrealBlank/Content/StarterContent/Architecture/Wall_Window_400x400.uasset"
[2016.08.30-04.35.52:308][  0]LogPackFactory: Copied "../../../Samples/StarterContent/Content/StarterContent/Audio/Collapse01.uasset" to "../../../../../../Users/l201636464/Documents/Unreal Projects/UnrealBlank/Content/StarterContent/Audio/Collapse01.uasset"
[2016.08.30-04.35.52:314][  0]LogPackFactory: Copied "../../../Samples/StarterContent/Content/StarterContent/Audio/Collapse02.uasset" to "../../../../../../Users/l201636464/Documents/Unreal Projects/UnrealBlank/Content/StarterContent/Audio/Collapse02.uasset"
[2016.08.30-04.35.52:330][  0]LogPackFactory: Copied "../../../Samples/StarterContent/Content/StarterContent/Audio/Collapse_Cue.uasset" to "../../../../../../Users/l201636464/Documents/Unreal Projects/UnrealBlank/Content/StarterContent/Audio/Collapse_Cue.uasset"
[2016.08.30-04.35.52:335][  0]LogPackFactory: Copied "../../../Samples/StarterContent/Content/StarterContent/Audio/Explosion01.uasset" to "../../../../../../Users/l201636464/Documents/Unreal Projects/UnrealBlank/Content/StarterContent/Audio/Explosion01.uasset"
[2016.08.30-04.35.52:340][  0]LogPackFactory: Copied "../../../Samples/StarterContent/Content/StarterContent/Audio/Explosion02.uasset" to "../../../../../../Users/l201636464/Documents/Unreal Projects/UnrealBlank/Content/StarterContent/Audio/Explosion02.uasset"
[2016.08.30-04.35.52:342][  0]LogPackFactory: Copied "../../../Samples/StarterContent/Content/StarterContent/Audio/Explosion_Cue.uasset" to "../../../../../../Users/l201636464/Documents/Unreal Projects/UnrealBlank/Content/StarterContent/Audio/Explosion_Cue.uasset"
[2016.08.30-04.35.52:347][  0]LogPackFactory: Copied "../../../Samples/StarterContent/Content/StarterContent/Audio/Fire01.uasset" to "../../../../../../Users/l201636464/Documents/Unreal Projects/UnrealBlank/Content/StarterContent/Audio/Fire01.uasset"
[2016.08.30-04.35.52:350][  0]LogPackFactory: Copied "../../../Samples/StarterContent/Content/StarterContent/Audio/Fire01_Cue.uasset" to "../../../../../../Users/l201636464/Documents/Unreal Projects/UnrealBlank/Content/StarterContent/Audio/Fire01_Cue.uasset"
[2016.08.30-04.35.52:356][  0]LogPackFactory: Copied "../../../Samples/StarterContent/Content/StarterContent/Audio/Fire_Sparks01.uasset" to "../../../../../../Users/l201636464/Documents/Unreal Projects/UnrealBlank/Content/StarterContent/Audio/Fire_Sparks01.uasset"
[2016.08.30-04.35.52:358][  0]LogPackFactory: Copied "../../../Samples/StarterContent/Content/StarterContent/Audio/Fire_Sparks01_Cue.uasset" to "../../../../../../Users/l201636464/Documents/Unreal Projects/UnrealBlank/Content/StarterContent/Audio/Fire_Sparks01_Cue.uasset"
[2016.08.30-04.35.52:363][  0]LogPackFactory: Copied "../../../Samples/StarterContent/Content/StarterContent/Audio/Light01.uasset" to "../../../../../../Users/l201636464/Documents/Unreal Projects/UnrealBlank/Content/StarterContent/Audio/Light01.uasset"
[2016.08.30-04.35.52:365][  0]LogPackFactory: Copied "../../../Samples/StarterContent/Content/StarterContent/Audio/Light01_Cue.uasset" to "../../../../../../Users/l201636464/Documents/Unreal Projects/UnrealBlank/Content/StarterContent/Audio/Light01_Cue.uasset"
[2016.08.30-04.35.52:370][  0]LogPackFactory: Copied "../../../Samples/StarterContent/Content/StarterContent/Audio/Light02.uasset" to "../../../../../../Users/l201636464/Documents/Unreal Projects/UnrealBlank/Content/StarterContent/Audio/Light02.uasset"
[2016.08.30-04.35.52:372][  0]LogPackFactory: Copied "../../../Samples/StarterContent/Content/StarterContent/Audio/Light02_Cue.uasset" to "../../../../../../Users/l201636464/Documents/Unreal Projects/UnrealBlank/Content/StarterContent/Audio/Light02_Cue.uasset"
[2016.08.30-04.35.52:378][  0]LogPackFactory: Copied "../../../Samples/StarterContent/Content/StarterContent/Audio/Smoke01.uasset" to "../../../../../../Users/l201636464/Documents/Unreal Projects/UnrealBlank/Content/StarterContent/Audio/Smoke01.uasset"
[2016.08.30-04.35.52:380][  0]LogPackFactory: Copied "../../../Samples/StarterContent/Content/StarterContent/Audio/Smoke01_Cue.uasset" to "../../../../../../Users/l201636464/Documents/Unreal Projects/UnrealBlank/Content/StarterContent/Audio/Smoke01_Cue.uasset"
[2016.08.30-04.35.52:383][  0]LogPackFactory: Copied "../../../Samples/StarterContent/Content/StarterContent/Audio/Starter_Background_Cue.uasset" to "../../../../../../Users/l201636464/Documents/Unreal Projects/UnrealBlank/Content/StarterContent/Audio/Starter_Background_Cue.uasset"
[2016.08.30-04.35.52:394][  0]LogPackFactory: Copied "../../../Samples/StarterContent/Content/StarterContent/Audio/Starter_Birds01.uasset" to "../../../../../../Users/l201636464/Documents/Unreal Projects/UnrealBlank/Content/StarterContent/Audio/Starter_Birds01.uasset"
[2016.08.30-04.35.52:420][  0]LogPackFactory: Copied "../../../Samples/StarterContent/Content/StarterContent/Audio/Starter_Music01.uasset" to "../../../../../../Users/l201636464/Documents/Unreal Projects/UnrealBlank/Content/StarterContent/Audio/Starter_Music01.uasset"
[2016.08.30-04.35.52:423][  0]LogPackFactory: Copied "../../../Samples/StarterContent/Content/StarterContent/Audio/Starter_Music_Cue.uasset" to "../../../../../../Users/l201636464/Documents/Unreal Projects/UnrealBlank/Content/StarterContent/Audio/Starter_Music_Cue.uasset"
[2016.08.30-04.35.52:433][  0]LogPackFactory: Copied "../../../Samples/StarterContent/Content/StarterContent/Audio/Starter_Wind05.uasset" to "../../../../../../Users/l201636464/Documents/Unreal Projects/UnrealBlank/Content/StarterContent/Audio/Starter_Wind05.uasset"
[2016.08.30-04.35.52:445][  0]LogPackFactory: Copied "../../../Samples/StarterContent/Content/StarterContent/Audio/Starter_Wind06.uasset" to "../../../../../../Users/l201636464/Documents/Unreal Projects/UnrealBlank/Content/StarterContent/Audio/Starter_Wind06.uasset"
[2016.08.30-04.35.52:562][  0]LogPackFactory: Copied "../../../Samples/StarterContent/Content/StarterContent/Audio/Steam01.uasset" to "../../../../../../Users/l201636464/Documents/Unreal Projects/UnrealBlank/Content/StarterContent/Audio/Steam01.uasset"
[2016.08.30-04.35.52:607][  0]LogPackFactory: Copied "../../../Samples/StarterContent/Content/StarterContent/Audio/Steam01_Cue.uasset" to "../../../../../../Users/l201636464/Documents/Unreal Projects/UnrealBlank/Content/StarterContent/Audio/Steam01_Cue.uasset"
[2016.08.30-04.35.52:647][  0]LogPackFactory: Copied "../../../Samples/StarterContent/Content/StarterContent/Blueprints/Blueprint_CeilingLight.uasset" to "../../../../../../Users/l201636464/Documents/Unreal Projects/UnrealBlank/Content/StarterContent/Blueprints/Blueprint_CeilingLight.uasset"
[2016.08.30-04.35.52:689][  0]LogPackFactory: Copied "../../../Samples/StarterContent/Content/StarterContent/Blueprints/Blueprint_Effect_Explosion.uasset" to "../../../../../../Users/l201636464/Documents/Unreal Projects/UnrealBlank/Content/StarterContent/Blueprints/Blueprint_Effect_Explosion.uasset"
[2016.08.30-04.35.52:714][  0]LogPackFactory: Copied "../../../Samples/StarterContent/Content/StarterContent/Blueprints/Blueprint_Effect_Fire.uasset" to "../../../../../../Users/l201636464/Documents/Unreal Projects/UnrealBlank/Content/StarterContent/Blueprints/Blueprint_Effect_Fire.uasset"
[2016.08.30-04.35.52:779][  0]LogPackFactory: Copied "../../../Samples/StarterContent/Content/StarterContent/Blueprints/Blueprint_Effect_Smoke.uasset" to "../../../../../../Users/l201636464/Documents/Unreal Projects/UnrealBlank/Content/StarterContent/Blueprints/Blueprint_Effect_Smoke.uasset"
[2016.08.30-04.35.52:846][  0]LogPackFactory: Copied "../../../Samples/StarterContent/Content/StarterContent/Blueprints/Blueprint_Effect_Sparks.uasset" to "../../../../../../Users/l201636464/Documents/Unreal Projects/UnrealBlank/Content/StarterContent/Blueprints/Blueprint_Effect_Sparks.uasset"
[2016.08.30-04.35.52:853][  0]LogPackFactory: Copied "../../../Samples/StarterContent/Content/StarterContent/Blueprints/Blueprint_Effect_Steam.uasset" to "../../../../../../Users/l201636464/Documents/Unreal Projects/UnrealBlank/Content/StarterContent/Blueprints/Blueprint_Effect_Steam.uasset"
[2016.08.30-04.35.52:858][  0]LogPackFactory: Copied "../../../Samples/StarterContent/Content/StarterContent/Blueprints/Blueprint_WallSconce.uasset" to "../../../../../../Users/l201636464/Documents/Unreal Projects/UnrealBlank/Content/StarterContent/Blueprints/Blueprint_WallSconce.uasset"
[2016.08.30-04.35.52:863][  0]LogPackFactory: Copied "../../../Samples/StarterContent/Content/StarterContent/Blueprints/BP_LightStudio.uasset" to "../../../../../../Users/l201636464/Documents/Unreal Projects/UnrealBlank/Content/StarterContent/Blueprints/BP_LightStudio.uasset"
[2016.08.30-04.35.52:866][  0]LogPackFactory: Copied "../../../Samples/StarterContent/Content/StarterContent/Blueprints/Assets/FogBrightnessLUT.uasset" to "../../../../../../Users/l201636464/Documents/Unreal Projects/UnrealBlank/Content/StarterContent/Blueprints/Assets/FogBrightnessLUT.uasset"
[2016.08.30-04.35.52:903][  0]LogPackFactory: Copied "../../../Samples/StarterContent/Content/StarterContent/Blueprints/Assets/M_LightStage_Arrows.uasset" to "../../../../../../Users/l201636464/Documents/Unreal Projects/UnrealBlank/Content/StarterContent/Blueprints/Assets/M_LightStage_Arrows.uasset"
[2016.08.30-04.35.52:911][  0]LogPackFactory: Copied "../../../Samples/StarterContent/Content/StarterContent/Blueprints/Assets/M_LightStage_Skybox_Black.uasset" to "../../../../../../Users/l201636464/Documents/Unreal Projects/UnrealBlank/Content/StarterContent/Blueprints/Assets/M_LightStage_Skybox_Black.uasset"
[2016.08.30-04.35.52:916][  0]LogPackFactory: Copied "../../../Samples/StarterContent/Content/StarterContent/Blueprints/Assets/M_LightStage_Skybox_HDRI.uasset" to "../../../../../../Users/l201636464/Documents/Unreal Projects/UnrealBlank/Content/StarterContent/Blueprints/Assets/M_LightStage_Skybox_HDRI.uasset"
[2016.08.30-04.35.52:920][  0]LogPackFactory: Copied "../../../Samples/StarterContent/Content/StarterContent/Blueprints/Assets/M_LightStage_Skybox_Master.uasset" to "../../../../../../Users/l201636464/Documents/Unreal Projects/UnrealBlank/Content/StarterContent/Blueprints/Assets/M_LightStage_Skybox_Master.uasset"
[2016.08.30-04.35.52:926][  0]LogPackFactory: Copied "../../../Samples/StarterContent/Content/StarterContent/Blueprints/Assets/Skybox.uasset" to "../../../../../../Users/l201636464/Documents/Unreal Projects/UnrealBlank/Content/StarterContent/Blueprints/Assets/Skybox.uasset"
[2016.08.30-04.35.52:932][  0]LogPackFactory: Copied "../../../Samples/StarterContent/Content/StarterContent/Blueprints/Assets/SM_Arrows.uasset" to "../../../../../../Users/l201636464/Documents/Unreal Projects/UnrealBlank/Content/StarterContent/Blueprints/Assets/SM_Arrows.uasset"
[2016.08.30-04.35.52:935][  0]LogPackFactory: Copied "../../../Samples/StarterContent/Content/StarterContent/Blueprints/Assets/SunlightColorLUT.uasset" to "../../../../../../Users/l201636464/Documents/Unreal Projects/UnrealBlank/Content/StarterContent/Blueprints/Assets/SunlightColorLUT.uasset"
[2016.08.30-04.35.53:398][  0]LogPackFactory: Copied "../../../Samples/StarterContent/Content/StarterContent/HDRI/HDRI_Epic_Courtyard_Daylight.uasset" to "../../../../../../Users/l201636464/Documents/Unreal Projects/UnrealBlank/Content/StarterContent/HDRI/HDRI_Epic_Courtyard_Daylight.uasset"
[2016.08.30-04.35.53:418][  0]LogPackFactory: Copied "../../../Samples/StarterContent/Content/StarterContent/Maps/Advanced_Lighting.umap" to "../../../../../../Users/l201636464/Documents/Unreal Projects/UnrealBlank/Content/StarterContent/Maps/Advanced_Lighting.umap"
[2016.08.30-04.35.53:468][  0]LogPackFactory: Copied "../../../Samples/StarterContent/Content/StarterContent/Maps/Minimal_Default.umap" to "../../../../../../Users/l201636464/Documents/Unreal Projects/UnrealBlank/Content/StarterContent/Maps/Minimal_Default.umap"
[2016.08.30-04.35.53:568][  0]LogPackFactory: Copied "../../../Samples/StarterContent/Content/StarterContent/Maps/StarterMap.umap" to "../../../../../../Users/l201636464/Documents/Unreal Projects/UnrealBlank/Content/StarterContent/Maps/StarterMap.umap"
[2016.08.30-04.35.53:607][  0]LogPackFactory: Copied "../../../Samples/StarterContent/Content/StarterContent/Materials/M_AssetPlatform.uasset" to "../../../../../../Users/l201636464/Documents/Unreal Projects/UnrealBlank/Content/StarterContent/Materials/M_AssetPlatform.uasset"
[2016.08.30-04.35.53:618][  0]LogPackFactory: Copied "../../../Samples/StarterContent/Content/StarterContent/Materials/M_Basic_Floor.uasset" to "../../../../../../Users/l201636464/Documents/Unreal Projects/UnrealBlank/Content/StarterContent/Materials/M_Basic_Floor.uasset"
[2016.08.30-04.35.53:626][  0]LogPackFactory: Copied "../../../Samples/StarterContent/Content/StarterContent/Materials/M_Basic_Wall.uasset" to "../../../../../../Users/l201636464/Documents/Unreal Projects/UnrealBlank/Content/StarterContent/Materials/M_Basic_Wall.uasset"
[2016.08.30-04.35.53:633][  0]LogPackFactory: Copied "../../../Samples/StarterContent/Content/StarterContent/Materials/M_Brick_Clay_Beveled.uasset" to "../../../../../../Users/l201636464/Documents/Unreal Projects/UnrealBlank/Content/StarterContent/Materials/M_Brick_Clay_Beveled.uasset"
[2016.08.30-04.35.53:638][  0]LogPackFactory: Copied "../../../Samples/StarterContent/Content/StarterContent/Materials/M_Brick_Clay_New.uasset" to "../../../../../../Users/l201636464/Documents/Unreal Projects/UnrealBlank/Content/StarterContent/Materials/M_Brick_Clay_New.uasset"
[2016.08.30-04.35.53:643][  0]LogPackFactory: Copied "../../../Samples/StarterContent/Content/StarterContent/Materials/M_Brick_Clay_Old.uasset" to "../../../../../../Users/l201636464/Documents/Unreal Projects/UnrealBlank/Content/StarterContent/Materials/M_Brick_Clay_Old.uasset"
[2016.08.30-04.35.53:648][  0]LogPackFactory: Copied "../../../Samples/StarterContent/Content/StarterContent/Materials/M_Brick_Cut_Stone.uasset" to "../../../../../../Users/l201636464/Documents/Unreal Projects/UnrealBlank/Content/StarterContent/Materials/M_Brick_Cut_Stone.uasset"
[2016.08.30-04.35.53:653][  0]LogPackFactory: Copied "../../../Samples/StarterContent/Content/StarterContent/Materials/M_Brick_Hewn_Stone.uasset" to "../../../../../../Users/l201636464/Documents/Unreal Projects/UnrealBlank/Content/StarterContent/Materials/M_Brick_Hewn_Stone.uasset"
[2016.08.30-04.35.53:658][  0]LogPackFactory: Copied "../../../Samples/StarterContent/Content/StarterContent/Materials/M_Ceramic_Tile_Checker.uasset" to "../../../../../../Users/l201636464/Documents/Unreal Projects/UnrealBlank/Content/StarterContent/Materials/M_Ceramic_Tile_Checker.uasset"
[2016.08.30-04.35.53:663][  0]LogPackFactory: Copied "../../../Samples/StarterContent/Content/StarterContent/Materials/M_CobbleStone_Pebble.uasset" to "../../../../../../Users/l201636464/Documents/Unreal Projects/UnrealBlank/Content/StarterContent/Materials/M_CobbleStone_Pebble.uasset"
[2016.08.30-04.35.53:668][  0]LogPackFactory: Copied "../../../Samples/StarterContent/Content/StarterContent/Materials/M_CobbleStone_Rough.uasset" to "../../../../../../Users/l201636464/Documents/Unreal Projects/UnrealBlank/Content/StarterContent/Materials/M_CobbleStone_Rough.uasset"
[2016.08.30-04.35.53:674][  0]LogPackFactory: Copied "../../../Samples/StarterContent/Content/StarterContent/Materials/M_CobbleStone_Smooth.uasset" to "../../../../../../Users/l201636464/Documents/Unreal Projects/UnrealBlank/Content/StarterContent/Materials/M_CobbleStone_Smooth.uasset"
[2016.08.30-04.35.53:680][  0]LogPackFactory: Copied "../../../Samples/StarterContent/Content/StarterContent/Materials/M_ColorGrid_LowSpec.uasset" to "../../../../../../Users/l201636464/Documents/Unreal Projects/UnrealBlank/Content/StarterContent/Materials/M_ColorGrid_LowSpec.uasset"
[2016.08.30-04.35.53:685][  0]LogPackFactory: Copied "../../../Samples/StarterContent/Content/StarterContent/Materials/M_Concrete_Grime.uasset" to "../../../../../../Users/l201636464/Documents/Unreal Projects/UnrealBlank/Content/StarterContent/Materials/M_Concrete_Grime.uasset"
[2016.08.30-04.35.53:690][  0]LogPackFactory: Copied "../../../Samples/StarterContent/Content/StarterContent/Materials/M_Concrete_Panels.uasset" to "../../../../../../Users/l201636464/Documents/Unreal Projects/UnrealBlank/Content/StarterContent/Materials/M_Concrete_Panels.uasset"
[2016.08.30-04.35.53:695][  0]LogPackFactory: Copied "../../../Samples/StarterContent/Content/StarterContent/Materials/M_Concrete_Poured.uasset" to "../../../../../../Users/l201636464/Documents/Unreal Projects/UnrealBlank/Content/StarterContent/Materials/M_Concrete_Poured.uasset"
[2016.08.30-04.35.53:711][  0]LogPackFactory: Copied "../../../Samples/StarterContent/Content/StarterContent/Materials/M_Concrete_Tiles.uasset" to "../../../../../../Users/l201636464/Documents/Unreal Projects/UnrealBlank/Content/StarterContent/Materials/M_Concrete_Tiles.uasset"
[2016.08.30-04.35.53:716][  0]LogPackFactory: Copied "../../../Samples/StarterContent/Content/StarterContent/Materials/M_Glass.uasset" to "../../../../../../Users/l201636464/Documents/Unreal Projects/UnrealBlank/Content/StarterContent/Materials/M_Glass.uasset"
[2016.08.30-04.35.53:721][  0]LogPackFactory: Copied "../../../Samples/StarterContent/Content/StarterContent/Materials/M_Ground_Grass.uasset" to "../../../../../../Users/l201636464/Documents/Unreal Projects/UnrealBlank/Content/StarterContent/Materials/M_Ground_Grass.uasset"
[2016.08.30-04.35.53:726][  0]LogPackFactory: Copied "../../../Samples/StarterContent/Content/StarterContent/Materials/M_Ground_Gravel.uasset" to "../../../../../../Users/l201636464/Documents/Unreal Projects/UnrealBlank/Content/StarterContent/Materials/M_Ground_Gravel.uasset"
[2016.08.30-04.35.53:731][  0]LogPackFactory: Copied "../../../Samples/StarterContent/Content/StarterContent/Materials/M_Ground_Moss.uasset" to "../../../../../../Users/l201636464/Documents/Unreal Projects/UnrealBlank/Content/StarterContent/Materials/M_Ground_Moss.uasset"
[2016.08.30-04.35.53:736][  0]LogPackFactory: Copied "../../../Samples/StarterContent/Content/StarterContent/Materials/M_Metal_Brushed_Nickel.uasset" to "../../../../../../Users/l201636464/Documents/Unreal Projects/UnrealBlank/Content/StarterContent/Materials/M_Metal_Brushed_Nickel.uasset"
[2016.08.30-04.35.53:740][  0]LogPackFactory: Copied "../../../Samples/StarterContent/Content/StarterContent/Materials/M_Metal_Burnished_Steel.uasset" to "../../../../../../Users/l201636464/Documents/Unreal Projects/UnrealBlank/Content/StarterContent/Materials/M_Metal_Burnished_Steel.uasset"
[2016.08.30-04.35.53:745][  0]LogPackFactory: Copied "../../../Samples/StarterContent/Content/StarterContent/Materials/M_Metal_Chrome.uasset" to "../../../../../../Users/l201636464/Documents/Unreal Projects/UnrealBlank/Content/StarterContent/Materials/M_Metal_Chrome.uasset"
[2016.08.30-04.35.53:750][  0]LogPackFactory: Copied "../../../Samples/StarterContent/Content/StarterContent/Materials/M_Metal_Copper.uasset" to "../../../../../../Users/l201636464/Documents/Unreal Projects/UnrealBlank/Content/StarterContent/Materials/M_Metal_Copper.uasset"
[2016.08.30-04.35.53:755][  0]LogPackFactory: Copied "../../../Samples/StarterContent/Content/StarterContent/Materials/M_Metal_Gold.uasset" to "../../../../../../Users/l201636464/Documents/Unreal Projects/UnrealBlank/Content/StarterContent/Materials/M_Metal_Gold.uasset"
[2016.08.30-04.35.53:760][  0]LogPackFactory: Copied "../../../Samples/StarterContent/Content/StarterContent/Materials/M_Metal_Rust.uasset" to "../../../../../../Users/l201636464/Documents/Unreal Projects/UnrealBlank/Content/StarterContent/Materials/M_Metal_Rust.uasset"
[2016.08.30-04.35.53:765][  0]LogPackFactory: Copied "../../../Samples/StarterContent/Content/StarterContent/Materials/M_Metal_Steel.uasset" to "../../../../../../Users/l201636464/Documents/Unreal Projects/UnrealBlank/Content/StarterContent/Materials/M_Metal_Steel.uasset"
[2016.08.30-04.35.53:770][  0]LogPackFactory: Copied "../../../Samples/StarterContent/Content/StarterContent/Materials/M_Rock_Basalt.uasset" to "../../../../../../Users/l201636464/Documents/Unreal Projects/UnrealBlank/Content/StarterContent/Materials/M_Rock_Basalt.uasset"
[2016.08.30-04.35.53:774][  0]LogPackFactory: Copied "../../../Samples/StarterContent/Content/StarterContent/Materials/M_Rock_Marble_Polished.uasset" to "../../../../../../Users/l201636464/Documents/Unreal Projects/UnrealBlank/Content/StarterContent/Materials/M_Rock_Marble_Polished.uasset"
[2016.08.30-04.35.53:779][  0]LogPackFactory: Copied "../../../Samples/StarterContent/Content/StarterContent/Materials/M_Rock_Sandstone.uasset" to "../../../../../../Users/l201636464/Documents/Unreal Projects/UnrealBlank/Content/StarterContent/Materials/M_Rock_Sandstone.uasset"
[2016.08.30-04.35.53:784][  0]LogPackFactory: Copied "../../../Samples/StarterContent/Content/StarterContent/Materials/M_Rock_Slate.uasset" to "../../../../../../Users/l201636464/Documents/Unreal Projects/UnrealBlank/Content/StarterContent/Materials/M_Rock_Slate.uasset"
[2016.08.30-04.35.53:789][  0]LogPackFactory: Copied "../../../Samples/StarterContent/Content/StarterContent/Materials/M_Tech_Checker_Dot.uasset" to "../../../../../../Users/l201636464/Documents/Unreal Projects/UnrealBlank/Content/StarterContent/Materials/M_Tech_Checker_Dot.uasset"
[2016.08.30-04.35.53:794][  0]LogPackFactory: Copied "../../../Samples/StarterContent/Content/StarterContent/Materials/M_Tech_Hex_Tile.uasset" to "../../../../../../Users/l201636464/Documents/Unreal Projects/UnrealBlank/Content/StarterContent/Materials/M_Tech_Hex_Tile.uasset"
[2016.08.30-04.35.53:804][  0]LogPackFactory: Copied "../../../Samples/StarterContent/Content/StarterContent/Materials/M_Tech_Hex_Tile_Pulse.uasset" to "../../../../../../Users/l201636464/Documents/Unreal Projects/UnrealBlank/Content/StarterContent/Materials/M_Tech_Hex_Tile_Pulse.uasset"
[2016.08.30-04.35.53:812][  0]LogPackFactory: Copied "../../../Samples/StarterContent/Content/StarterContent/Materials/M_Tech_Panel.uasset" to "../../../../../../Users/l201636464/Documents/Unreal Projects/UnrealBlank/Content/StarterContent/Materials/M_Tech_Panel.uasset"
[2016.08.30-04.35.53:819][  0]LogPackFactory: Copied "../../../Samples/StarterContent/Content/StarterContent/Materials/M_Water_Lake.uasset" to "../../../../../../Users/l201636464/Documents/Unreal Projects/UnrealBlank/Content/StarterContent/Materials/M_Water_Lake.uasset"
[2016.08.30-04.35.53:839][  0]LogPackFactory: Copied "../../../Samples/StarterContent/Content/StarterContent/Materials/M_Water_Ocean.uasset" to "../../../../../../Users/l201636464/Documents/Unreal Projects/UnrealBlank/Content/StarterContent/Materials/M_Water_Ocean.uasset"
[2016.08.30-04.35.53:844][  0]LogPackFactory: Copied "../../../Samples/StarterContent/Content/StarterContent/Materials/M_Wood_Floor_Walnut_Polished.uasset" to "../../../../../../Users/l201636464/Documents/Unreal Projects/UnrealBlank/Content/StarterContent/Materials/M_Wood_Floor_Walnut_Polished.uasset"
[2016.08.30-04.35.53:853][  0]LogPackFactory: Copied "../../../Samples/StarterContent/Content/StarterContent/Materials/M_Wood_Floor_Walnut_Worn.uasset" to "../../../../../../Users/l201636464/Documents/Unreal Projects/UnrealBlank/Content/StarterContent/Materials/M_Wood_Floor_Walnut_Worn.uasset"
[2016.08.30-04.35.53:868][  0]LogPackFactory: Copied "../../../Samples/StarterContent/Content/StarterContent/Materials/M_Wood_Oak.uasset" to "../../../../../../Users/l201636464/Documents/Unreal Projects/UnrealBlank/Content/StarterContent/Materials/M_Wood_Oak.uasset"
[2016.08.30-04.35.53:878][  0]LogPackFactory: Copied "../../../Samples/StarterContent/Content/StarterContent/Materials/M_Wood_Pine.uasset" to "../../../../../../Users/l201636464/Documents/Unreal Projects/UnrealBlank/Content/StarterContent/Materials/M_Wood_Pine.uasset"
[2016.08.30-04.35.53:889][  0]LogPackFactory: Copied "../../../Samples/StarterContent/Content/StarterContent/Materials/M_Wood_Walnut.uasset" to "../../../../../../Users/l201636464/Documents/Unreal Projects/UnrealBlank/Content/StarterContent/Materials/M_Wood_Walnut.uasset"
[2016.08.30-04.35.53:910][  0]LogPackFactory: Copied "../../../Samples/StarterContent/Content/StarterContent/Particles/P_Ambient_Dust.uasset" to "../../../../../../Users/l201636464/Documents/Unreal Projects/UnrealBlank/Content/StarterContent/Particles/P_Ambient_Dust.uasset"
[2016.08.30-04.35.53:915][  0]LogPackFactory: Copied "../../../Samples/StarterContent/Content/StarterContent/Particles/P_Explosion.uasset" to "../../../../../../Users/l201636464/Documents/Unreal Projects/UnrealBlank/Content/StarterContent/Particles/P_Explosion.uasset"
[2016.08.30-04.35.53:921][  0]LogPackFactory: Copied "../../../Samples/StarterContent/Content/StarterContent/Particles/P_Fire.uasset" to "../../../../../../Users/l201636464/Documents/Unreal Projects/UnrealBlank/Content/StarterContent/Particles/P_Fire.uasset"
[2016.08.30-04.35.53:925][  0]LogPackFactory: Copied "../../../Samples/StarterContent/Content/StarterContent/Particles/P_Smoke.uasset" to "../../../../../../Users/l201636464/Documents/Unreal Projects/UnrealBlank/Content/StarterContent/Particles/P_Smoke.uasset"
[2016.08.30-04.35.53:930][  0]LogPackFactory: Copied "../../../Samples/StarterContent/Content/StarterContent/Particles/P_Sparks.uasset" to "../../../../../../Users/l201636464/Documents/Unreal Projects/UnrealBlank/Content/StarterContent/Particles/P_Sparks.uasset"
[2016.08.30-04.35.53:935][  0]LogPackFactory: Copied "../../../Samples/StarterContent/Content/StarterContent/Particles/P_Steam_Lit.uasset" to "../../../../../../Users/l201636464/Documents/Unreal Projects/UnrealBlank/Content/StarterContent/Particles/P_Steam_Lit.uasset"
[2016.08.30-04.35.53:940][  0]LogPackFactory: Copied "../../../Samples/StarterContent/Content/StarterContent/Particles/Materials/M_Burst.uasset" to "../../../../../../Users/l201636464/Documents/Unreal Projects/UnrealBlank/Content/StarterContent/Particles/Materials/M_Burst.uasset"
[2016.08.30-04.35.53:945][  0]LogPackFactory: Copied "../../../Samples/StarterContent/Content/StarterContent/Particles/Materials/M_Dust_Particle.uasset" to "../../../../../../Users/l201636464/Documents/Unreal Projects/UnrealBlank/Content/StarterContent/Particles/Materials/M_Dust_Particle.uasset"
[2016.08.30-04.35.53:950][  0]LogPackFactory: Copied "../../../Samples/StarterContent/Content/StarterContent/Particles/Materials/M_explosion_subUV.uasset" to "../../../../../../Users/l201636464/Documents/Unreal Projects/UnrealBlank/Content/StarterContent/Particles/Materials/M_explosion_subUV.uasset"
[2016.08.30-04.35.53:955][  0]LogPackFactory: Copied "../../../Samples/StarterContent/Content/StarterContent/Particles/Materials/M_Fire_SubUV.uasset" to "../../../../../../Users/l201636464/Documents/Unreal Projects/UnrealBlank/Content/StarterContent/Particles/Materials/M_Fire_SubUV.uasset"
[2016.08.30-04.35.54:011][  0]LogPackFactory: Copied "../../../Samples/StarterContent/Content/StarterContent/Particles/Materials/m_flare_01.uasset" to "../../../../../../Users/l201636464/Documents/Unreal Projects/UnrealBlank/Content/StarterContent/Particles/Materials/m_flare_01.uasset"
[2016.08.30-04.35.54:024][  0]LogPackFactory: Copied "../../../Samples/StarterContent/Content/StarterContent/Particles/Materials/M_Heat_Distortion.uasset" to "../../../../../../Users/l201636464/Documents/Unreal Projects/UnrealBlank/Content/StarterContent/Particles/Materials/M_Heat_Distortion.uasset"
[2016.08.30-04.35.54:038][  0]LogPackFactory: Copied "../../../Samples/StarterContent/Content/StarterContent/Particles/Materials/M_Radial_Gradient.uasset" to "../../../../../../Users/l201636464/Documents/Unreal Projects/UnrealBlank/Content/StarterContent/Particles/Materials/M_Radial_Gradient.uasset"
[2016.08.30-04.35.54:053][  0]LogPackFactory: Copied "../../../Samples/StarterContent/Content/StarterContent/Particles/Materials/M_radial_ramp.uasset" to "../../../../../../Users/l201636464/Documents/Unreal Projects/UnrealBlank/Content/StarterContent/Particles/Materials/M_radial_ramp.uasset"
[2016.08.30-04.35.54:067][  0]LogPackFactory: Copied "../../../Samples/StarterContent/Content/StarterContent/Particles/Materials/M_smoke_subUV.uasset" to "../../../../../../Users/l201636464/Documents/Unreal Projects/UnrealBlank/Content/StarterContent/Particles/Materials/M_smoke_subUV.uasset"
[2016.08.30-04.35.54:080][  0]LogPackFactory: Copied "../../../Samples/StarterContent/Content/StarterContent/Particles/Materials/M_Spark.uasset" to "../../../../../../Users/l201636464/Documents/Unreal Projects/UnrealBlank/Content/StarterContent/Particles/Materials/M_Spark.uasset"
[2016.08.30-04.35.54:090][  0]LogPackFactory: Copied "../../../Samples/StarterContent/Content/StarterContent/Props/MaterialSphere.uasset" to "../../../../../../Users/l201636464/Documents/Unreal Projects/UnrealBlank/Content/StarterContent/Props/MaterialSphere.uasset"
[2016.08.30-04.35.54:100][  0]LogPackFactory: Copied "../../../Samples/StarterContent/Content/StarterContent/Props/SM_Bush.uasset" to "../../../../../../Users/l201636464/Documents/Unreal Projects/UnrealBlank/Content/StarterContent/Props/SM_Bush.uasset"
[2016.08.30-04.35.54:110][  0]LogPackFactory: Copied "../../../Samples/StarterContent/Content/StarterContent/Props/SM_Chair.uasset" to "../../../../../../Users/l201636464/Documents/Unreal Projects/UnrealBlank/Content/StarterContent/Props/SM_Chair.uasset"
[2016.08.30-04.35.54:115][  0]LogPackFactory: Copied "../../../Samples/StarterContent/Content/StarterContent/Props/SM_CornerFrame.uasset" to "../../../../../../Users/l201636464/Documents/Unreal Projects/UnrealBlank/Content/StarterContent/Props/SM_CornerFrame.uasset"
[2016.08.30-04.35.54:122][  0]LogPackFactory: Copied "../../../Samples/StarterContent/Content/StarterContent/Props/SM_Couch.uasset" to "../../../../../../Users/l201636464/Documents/Unreal Projects/UnrealBlank/Content/StarterContent/Props/SM_Couch.uasset"
[2016.08.30-04.35.54:128][  0]LogPackFactory: Copied "../../../Samples/StarterContent/Content/StarterContent/Props/SM_Door.uasset" to "../../../../../../Users/l201636464/Documents/Unreal Projects/UnrealBlank/Content/StarterContent/Props/SM_Door.uasset"
[2016.08.30-04.35.54:133][  0]LogPackFactory: Copied "../../../Samples/StarterContent/Content/StarterContent/Props/SM_DoorFrame.uasset" to "../../../../../../Users/l201636464/Documents/Unreal Projects/UnrealBlank/Content/StarterContent/Props/SM_DoorFrame.uasset"
[2016.08.30-04.35.54:139][  0]LogPackFactory: Copied "../../../Samples/StarterContent/Content/StarterContent/Props/SM_GlassWindow.uasset" to "../../../../../../Users/l201636464/Documents/Unreal Projects/UnrealBlank/Content/StarterContent/Props/SM_GlassWindow.uasset"
[2016.08.30-04.35.54:145][  0]LogPackFactory: Copied "../../../Samples/StarterContent/Content/StarterContent/Props/SM_Lamp_Ceiling.uasset" to "../../../../../../Users/l201636464/Documents/Unreal Projects/UnrealBlank/Content/StarterContent/Props/SM_Lamp_Ceiling.uasset"
[2016.08.30-04.35.54:150][  0]LogPackFactory: Copied "../../../Samples/StarterContent/Content/StarterContent/Props/SM_Lamp_Wall.uasset" to "../../../../../../Users/l201636464/Documents/Unreal Projects/UnrealBlank/Content/StarterContent/Props/SM_Lamp_Wall.uasset"
[2016.08.30-04.35.54:161][  0]LogPackFactory: Copied "../../../Samples/StarterContent/Content/StarterContent/Props/SM_MatPreviewMesh_02.uasset" to "../../../../../../Users/l201636464/Documents/Unreal Projects/UnrealBlank/Content/StarterContent/Props/SM_MatPreviewMesh_02.uasset"
[2016.08.30-04.35.54:165][  0]LogPackFactory: Copied "../../../Samples/StarterContent/Content/StarterContent/Props/SM_PillarFrame.uasset" to "../../../../../../Users/l201636464/Documents/Unreal Projects/UnrealBlank/Content/StarterContent/Props/SM_PillarFrame.uasset"
[2016.08.30-04.35.54:234][  0]LogPackFactory: Copied "../../../Samples/StarterContent/Content/StarterContent/Props/SM_PillarFrame300.uasset" to "../../../../../../Users/l201636464/Documents/Unreal Projects/UnrealBlank/Content/StarterContent/Props/SM_PillarFrame300.uasset"
[2016.08.30-04.35.54:245][  0]LogPackFactory: Copied "../../../Samples/StarterContent/Content/StarterContent/Props/SM_Rock.uasset" to "../../../../../../Users/l201636464/Documents/Unreal Projects/UnrealBlank/Content/StarterContent/Props/SM_Rock.uasset"
[2016.08.30-04.35.54:255][  0]LogPackFactory: Copied "../../../Samples/StarterContent/Content/StarterContent/Props/SM_Shelf.uasset" to "../../../../../../Users/l201636464/Documents/Unreal Projects/UnrealBlank/Content/StarterContent/Props/SM_Shelf.uasset"
[2016.08.30-04.35.54:263][  0]LogPackFactory: Copied "../../../Samples/StarterContent/Content/StarterContent/Props/SM_Stairs.uasset" to "../../../../../../Users/l201636464/Documents/Unreal Projects/UnrealBlank/Content/StarterContent/Props/SM_Stairs.uasset"
[2016.08.30-04.35.54:271][  0]LogPackFactory: Copied "../../../Samples/StarterContent/Content/StarterContent/Props/SM_Statue.uasset" to "../../../../../../Users/l201636464/Documents/Unreal Projects/UnrealBlank/Content/StarterContent/Props/SM_Statue.uasset"
[2016.08.30-04.35.54:279][  0]LogPackFactory: Copied "../../../Samples/StarterContent/Content/StarterContent/Props/SM_TableRound.uasset" to "../../../../../../Users/l201636464/Documents/Unreal Projects/UnrealBlank/Content/StarterContent/Props/SM_TableRound.uasset"
[2016.08.30-04.35.54:286][  0]LogPackFactory: Copied "../../../Samples/StarterContent/Content/StarterContent/Props/SM_WindowFrame.uasset" to "../../../../../../Users/l201636464/Documents/Unreal Projects/UnrealBlank/Content/StarterContent/Props/SM_WindowFrame.uasset"
[2016.08.30-04.35.54:293][  0]LogPackFactory: Copied "../../../Samples/StarterContent/Content/StarterContent/Props/Materials/M_Bush.uasset" to "../../../../../../Users/l201636464/Documents/Unreal Projects/UnrealBlank/Content/StarterContent/Props/Materials/M_Bush.uasset"
[2016.08.30-04.35.54:300][  0]LogPackFactory: Copied "../../../Samples/StarterContent/Content/StarterContent/Props/Materials/M_Chair.uasset" to "../../../../../../Users/l201636464/Documents/Unreal Projects/UnrealBlank/Content/StarterContent/Props/Materials/M_Chair.uasset"
[2016.08.30-04.35.54:307][  0]LogPackFactory: Copied "../../../Samples/StarterContent/Content/StarterContent/Props/Materials/M_Door.uasset" to "../../../../../../Users/l201636464/Documents/Unreal Projects/UnrealBlank/Content/StarterContent/Props/Materials/M_Door.uasset"
[2016.08.30-04.35.54:314][  0]LogPackFactory: Copied "../../../Samples/StarterContent/Content/StarterContent/Props/Materials/M_Frame.uasset" to "../../../../../../Users/l201636464/Documents/Unreal Projects/UnrealBlank/Content/StarterContent/Props/Materials/M_Frame.uasset"
[2016.08.30-04.35.54:320][  0]LogPackFactory: Copied "../../../Samples/StarterContent/Content/StarterContent/Props/Materials/M_Lamp.uasset" to "../../../../../../Users/l201636464/Documents/Unreal Projects/UnrealBlank/Content/StarterContent/Props/Materials/M_Lamp.uasset"
[2016.08.30-04.35.54:325][  0]LogPackFactory: Copied "../../../Samples/StarterContent/Content/StarterContent/Props/Materials/M_MaterialSphere.uasset" to "../../../../../../Users/l201636464/Documents/Unreal Projects/UnrealBlank/Content/StarterContent/Props/Materials/M_MaterialSphere.uasset"
[2016.08.30-04.35.54:330][  0]LogPackFactory: Copied "../../../Samples/StarterContent/Content/StarterContent/Props/Materials/M_MaterialSphere_Plain.uasset" to "../../../../../../Users/l201636464/Documents/Unreal Projects/UnrealBlank/Content/StarterContent/Props/Materials/M_MaterialSphere_Plain.uasset"
[2016.08.30-04.35.54:335][  0]LogPackFactory: Copied "../../../Samples/StarterContent/Content/StarterContent/Props/Materials/M_Rock.uasset" to "../../../../../../Users/l201636464/Documents/Unreal Projects/UnrealBlank/Content/StarterContent/Props/Materials/M_Rock.uasset"
[2016.08.30-04.35.54:339][  0]LogPackFactory: Copied "../../../Samples/StarterContent/Content/StarterContent/Props/Materials/M_Shelf.uasset" to "../../../../../../Users/l201636464/Documents/Unreal Projects/UnrealBlank/Content/StarterContent/Props/Materials/M_Shelf.uasset"
[2016.08.30-04.35.54:344][  0]LogPackFactory: Copied "../../../Samples/StarterContent/Content/StarterContent/Props/Materials/M_Statue.uasset" to "../../../../../../Users/l201636464/Documents/Unreal Projects/UnrealBlank/Content/StarterContent/Props/Materials/M_Statue.uasset"
[2016.08.30-04.35.54:354][  0]LogPackFactory: Copied "../../../Samples/StarterContent/Content/StarterContent/Props/Materials/M_StatueGlass.uasset" to "../../../../../../Users/l201636464/Documents/Unreal Projects/UnrealBlank/Content/StarterContent/Props/Materials/M_StatueGlass.uasset"
[2016.08.30-04.35.54:359][  0]LogPackFactory: Copied "../../../Samples/StarterContent/Content/StarterContent/Props/Materials/M_TableRound.uasset" to "../../../../../../Users/l201636464/Documents/Unreal Projects/UnrealBlank/Content/StarterContent/Props/Materials/M_TableRound.uasset"
[2016.08.30-04.35.54:364][  0]LogPackFactory: Copied "../../../Samples/StarterContent/Content/StarterContent/Shapes/Shape_Cone.uasset" to "../../../../../../Users/l201636464/Documents/Unreal Projects/UnrealBlank/Content/StarterContent/Shapes/Shape_Cone.uasset"
[2016.08.30-04.35.54:368][  0]LogPackFactory: Copied "../../../Samples/StarterContent/Content/StarterContent/Shapes/Shape_Cube.uasset" to "../../../../../../Users/l201636464/Documents/Unreal Projects/UnrealBlank/Content/StarterContent/Shapes/Shape_Cube.uasset"
[2016.08.30-04.35.54:373][  0]LogPackFactory: Copied "../../../Samples/StarterContent/Content/StarterContent/Shapes/Shape_Cylinder.uasset" to "../../../../../../Users/l201636464/Documents/Unreal Projects/UnrealBlank/Content/StarterContent/Shapes/Shape_Cylinder.uasset"
[2016.08.30-04.35.54:378][  0]LogPackFactory: Copied "../../../Samples/StarterContent/Content/StarterContent/Shapes/Shape_NarrowCapsule.uasset" to "../../../../../../Users/l201636464/Documents/Unreal Projects/UnrealBlank/Content/StarterContent/Shapes/Shape_NarrowCapsule.uasset"
[2016.08.30-04.35.54:383][  0]LogPackFactory: Copied "../../../Samples/StarterContent/Content/StarterContent/Shapes/Shape_Pipe.uasset" to "../../../../../../Users/l201636464/Documents/Unreal Projects/UnrealBlank/Content/StarterContent/Shapes/Shape_Pipe.uasset"
[2016.08.30-04.35.54:388][  0]LogPackFactory: Copied "../../../Samples/StarterContent/Content/StarterContent/Shapes/Shape_Pipe_180.uasset" to "../../../../../../Users/l201636464/Documents/Unreal Projects/UnrealBlank/Content/StarterContent/Shapes/Shape_Pipe_180.uasset"
[2016.08.30-04.35.54:393][  0]LogPackFactory: Copied "../../../Samples/StarterContent/Content/StarterContent/Shapes/Shape_Pipe_90.uasset" to "../../../../../../Users/l201636464/Documents/Unreal Projects/UnrealBlank/Content/StarterContent/Shapes/Shape_Pipe_90.uasset"
[2016.08.30-04.35.54:397][  0]LogPackFactory: Copied "../../../Samples/StarterContent/Content/StarterContent/Shapes/Shape_Plane.uasset" to "../../../../../../Users/l201636464/Documents/Unreal Projects/UnrealBlank/Content/StarterContent/Shapes/Shape_Plane.uasset"
[2016.08.30-04.35.54:402][  0]LogPackFactory: Copied "../../../Samples/StarterContent/Content/StarterContent/Shapes/Shape_QuadPyramid.uasset" to "../../../../../../Users/l201636464/Documents/Unreal Projects/UnrealBlank/Content/StarterContent/Shapes/Shape_QuadPyramid.uasset"
[2016.08.30-04.35.54:407][  0]LogPackFactory: Copied "../../../Samples/StarterContent/Content/StarterContent/Shapes/Shape_Sphere.uasset" to "../../../../../../Users/l201636464/Documents/Unreal Projects/UnrealBlank/Content/StarterContent/Shapes/Shape_Sphere.uasset"
[2016.08.30-04.35.54:413][  0]LogPackFactory: Copied "../../../Samples/StarterContent/Content/StarterContent/Shapes/Shape_Torus.uasset" to "../../../../../../Users/l201636464/Documents/Unreal Projects/UnrealBlank/Content/StarterContent/Shapes/Shape_Torus.uasset"
[2016.08.30-04.35.54:417][  0]LogPackFactory: Copied "../../../Samples/StarterContent/Content/StarterContent/Shapes/Shape_Trim.uasset" to "../../../../../../Users/l201636464/Documents/Unreal Projects/UnrealBlank/Content/StarterContent/Shapes/Shape_Trim.uasset"
[2016.08.30-04.35.54:422][  0]LogPackFactory: Copied "../../../Samples/StarterContent/Content/StarterContent/Shapes/Shape_Trim_90_In.uasset" to "../../../../../../Users/l201636464/Documents/Unreal Projects/UnrealBlank/Content/StarterContent/Shapes/Shape_Trim_90_In.uasset"
[2016.08.30-04.35.54:426][  0]LogPackFactory: Copied "../../../Samples/StarterContent/Content/StarterContent/Shapes/Shape_Trim_90_Out.uasset" to "../../../../../../Users/l201636464/Documents/Unreal Projects/UnrealBlank/Content/StarterContent/Shapes/Shape_Trim_90_Out.uasset"
[2016.08.30-04.35.54:430][  0]LogPackFactory: Copied "../../../Samples/StarterContent/Content/StarterContent/Shapes/Shape_TriPyramid.uasset" to "../../../../../../Users/l201636464/Documents/Unreal Projects/UnrealBlank/Content/StarterContent/Shapes/Shape_TriPyramid.uasset"
[2016.08.30-04.35.54:436][  0]LogPackFactory: Copied "../../../Samples/StarterContent/Content/StarterContent/Shapes/Shape_Tube.uasset" to "../../../../../../Users/l201636464/Documents/Unreal Projects/UnrealBlank/Content/StarterContent/Shapes/Shape_Tube.uasset"
[2016.08.30-04.35.54:440][  0]LogPackFactory: Copied "../../../Samples/StarterContent/Content/StarterContent/Shapes/Shape_Wedge_A.uasset" to "../../../../../../Users/l201636464/Documents/Unreal Projects/UnrealBlank/Content/StarterContent/Shapes/Shape_Wedge_A.uasset"
[2016.08.30-04.35.54:445][  0]LogPackFactory: Copied "../../../Samples/StarterContent/Content/StarterContent/Shapes/Shape_Wedge_B.uasset" to "../../../../../../Users/l201636464/Documents/Unreal Projects/UnrealBlank/Content/StarterContent/Shapes/Shape_Wedge_B.uasset"
[2016.08.30-04.35.54:459][  0]LogPackFactory: Copied "../../../Samples/StarterContent/Content/StarterContent/Shapes/Shape_WideCapsule.uasset" to "../../../../../../Users/l201636464/Documents/Unreal Projects/UnrealBlank/Content/StarterContent/Shapes/Shape_WideCapsule.uasset"
[2016.08.30-04.35.54:519][  0]LogPackFactory: Copied "../../../Samples/StarterContent/Content/StarterContent/Textures/T_Brick_Clay_Beveled_D.uasset" to "../../../../../../Users/l201636464/Documents/Unreal Projects/UnrealBlank/Content/StarterContent/Textures/T_Brick_Clay_Beveled_D.uasset"
[2016.08.30-04.35.54:593][  0]LogPackFactory: Copied "../../../Samples/StarterContent/Content/StarterContent/Textures/T_Brick_Clay_Beveled_M.uasset" to "../../../../../../Users/l201636464/Documents/Unreal Projects/UnrealBlank/Content/StarterContent/Textures/T_Brick_Clay_Beveled_M.uasset"
[2016.08.30-04.35.54:623][  0]LogPackFactory: Copied "../../../Samples/StarterContent/Content/StarterContent/Textures/T_Brick_Clay_Beveled_N.uasset" to "../../../../../../Users/l201636464/Documents/Unreal Projects/UnrealBlank/Content/StarterContent/Textures/T_Brick_Clay_Beveled_N.uasset"
[2016.08.30-04.35.54:651][  0]LogPackFactory: Copied "../../../Samples/StarterContent/Content/StarterContent/Textures/T_Brick_Clay_New_D.uasset" to "../../../../../../Users/l201636464/Documents/Unreal Projects/UnrealBlank/Content/StarterContent/Textures/T_Brick_Clay_New_D.uasset"
[2016.08.30-04.35.54:701][  0]LogPackFactory: Copied "../../../Samples/StarterContent/Content/StarterContent/Textures/T_Brick_Clay_New_M.uasset" to "../../../../../../Users/l201636464/Documents/Unreal Projects/UnrealBlank/Content/StarterContent/Textures/T_Brick_Clay_New_M.uasset"
[2016.08.30-04.35.54:743][  0]LogPackFactory: Copied "../../../Samples/StarterContent/Content/StarterContent/Textures/T_Brick_Clay_New_N.uasset" to "../../../../../../Users/l201636464/Documents/Unreal Projects/UnrealBlank/Content/StarterContent/Textures/T_Brick_Clay_New_N.uasset"
[2016.08.30-04.35.54:805][  0]LogPackFactory: Copied "../../../Samples/StarterContent/Content/StarterContent/Textures/T_Brick_Clay_Old_D.uasset" to "../../../../../../Users/l201636464/Documents/Unreal Projects/UnrealBlank/Content/StarterContent/Textures/T_Brick_Clay_Old_D.uasset"
[2016.08.30-04.35.54:866][  0]LogPackFactory: Copied "../../../Samples/StarterContent/Content/StarterContent/Textures/T_Brick_Clay_Old_N.uasset" to "../../../../../../Users/l201636464/Documents/Unreal Projects/UnrealBlank/Content/StarterContent/Textures/T_Brick_Clay_Old_N.uasset"
[2016.08.30-04.35.54:949][  0]LogPackFactory: Copied "../../../Samples/StarterContent/Content/StarterContent/Textures/T_Brick_Cut_Stone_D.uasset" to "../../../../../../Users/l201636464/Documents/Unreal Projects/UnrealBlank/Content/StarterContent/Textures/T_Brick_Cut_Stone_D.uasset"
[2016.08.30-04.35.54:982][  0]LogPackFactory: Copied "../../../Samples/StarterContent/Content/StarterContent/Textures/T_Brick_Cut_Stone_N.uasset" to "../../../../../../Users/l201636464/Documents/Unreal Projects/UnrealBlank/Content/StarterContent/Textures/T_Brick_Cut_Stone_N.uasset"
[2016.08.30-04.35.55:009][  0]LogPackFactory: Copied "../../../Samples/StarterContent/Content/StarterContent/Textures/T_Brick_Hewn_Stone_D.uasset" to "../../../../../../Users/l201636464/Documents/Unreal Projects/UnrealBlank/Content/StarterContent/Textures/T_Brick_Hewn_Stone_D.uasset"
[2016.08.30-04.35.55:032][  0]LogPackFactory: Copied "../../../Samples/StarterContent/Content/StarterContent/Textures/T_Brick_Hewn_Stone_M.uasset" to "../../../../../../Users/l201636464/Documents/Unreal Projects/UnrealBlank/Content/StarterContent/Textures/T_Brick_Hewn_Stone_M.uasset"
[2016.08.30-04.35.55:074][  0]LogPackFactory: Copied "../../../Samples/StarterContent/Content/StarterContent/Textures/T_Brick_Hewn_Stone_N.uasset" to "../../../../../../Users/l201636464/Documents/Unreal Projects/UnrealBlank/Content/StarterContent/Textures/T_Brick_Hewn_Stone_N.uasset"
[2016.08.30-04.35.55:079][  0]LogPackFactory: Copied "../../../Samples/StarterContent/Content/StarterContent/Textures/T_Burst_M.uasset" to "../../../../../../Users/l201636464/Documents/Unreal Projects/UnrealBlank/Content/StarterContent/Textures/T_Burst_M.uasset"
[2016.08.30-04.35.55:085][  0]LogPackFactory: Copied "../../../Samples/StarterContent/Content/StarterContent/Textures/T_Bush_D.uasset" to "../../../../../../Users/l201636464/Documents/Unreal Projects/UnrealBlank/Content/StarterContent/Textures/T_Bush_D.uasset"
[2016.08.30-04.35.55:091][  0]LogPackFactory: Copied "../../../Samples/StarterContent/Content/StarterContent/Textures/T_Bush_N.uasset" to "../../../../../../Users/l201636464/Documents/Unreal Projects/UnrealBlank/Content/StarterContent/Textures/T_Bush_N.uasset"
[2016.08.30-04.35.55:096][  0]LogPackFactory: Copied "../../../Samples/StarterContent/Content/StarterContent/Textures/T_Ceramic_Tile_M.uasset" to "../../../../../../Users/l201636464/Documents/Unreal Projects/UnrealBlank/Content/StarterContent/Textures/T_Ceramic_Tile_M.uasset"
[2016.08.30-04.35.55:101][  0]LogPackFactory: Copied "../../../Samples/StarterContent/Content/StarterContent/Textures/T_Ceramic_Tile_N.uasset" to "../../../../../../Users/l201636464/Documents/Unreal Projects/UnrealBlank/Content/StarterContent/Textures/T_Ceramic_Tile_N.uasset"
[2016.08.30-04.35.55:107][  0]LogPackFactory: Copied "../../../Samples/StarterContent/Content/StarterContent/Textures/T_Chair_M.uasset" to "../../../../../../Users/l201636464/Documents/Unreal Projects/UnrealBlank/Content/StarterContent/Textures/T_Chair_M.uasset"
[2016.08.30-04.35.55:117][  0]LogPackFactory: Copied "../../../Samples/StarterContent/Content/StarterContent/Textures/T_Chair_N.uasset" to "../../../../../../Users/l201636464/Documents/Unreal Projects/UnrealBlank/Content/StarterContent/Textures/T_Chair_N.uasset"
[2016.08.30-04.35.55:122][  0]LogPackFactory: Copied "../../../Samples/StarterContent/Content/StarterContent/Textures/T_Checker_Noise_M.uasset" to "../../../../../../Users/l201636464/Documents/Unreal Projects/UnrealBlank/Content/StarterContent/Textures/T_Checker_Noise_M.uasset"
[2016.08.30-04.35.55:160][  0]LogPackFactory: Copied "../../../Samples/StarterContent/Content/StarterContent/Textures/T_CobbleStone_Pebble_D.uasset" to "../../../../../../Users/l201636464/Documents/Unreal Projects/UnrealBlank/Content/StarterContent/Textures/T_CobbleStone_Pebble_D.uasset"
[2016.08.30-04.35.55:171][  0]LogPackFactory: Copied "../../../Samples/StarterContent/Content/StarterContent/Textures/T_CobbleStone_Pebble_M.uasset" to "../../../../../../Users/l201636464/Documents/Unreal Projects/UnrealBlank/Content/StarterContent/Textures/T_CobbleStone_Pebble_M.uasset"
[2016.08.30-04.35.55:229][  0]LogPackFactory: Copied "../../../Samples/StarterContent/Content/StarterContent/Textures/T_CobbleStone_Pebble_N.uasset" to "../../../../../../Users/l201636464/Documents/Unreal Projects/UnrealBlank/Content/StarterContent/Textures/T_CobbleStone_Pebble_N.uasset"
[2016.08.30-04.35.55:297][  0]LogPackFactory: Copied "../../../Samples/StarterContent/Content/StarterContent/Textures/T_CobbleStone_Rough_D.uasset" to "../../../../../../Users/l201636464/Documents/Unreal Projects/UnrealBlank/Content/StarterContent/Textures/T_CobbleStone_Rough_D.uasset"
[2016.08.30-04.35.55:309][  0]LogPackFactory: Copied "../../../Samples/StarterContent/Content/StarterContent/Textures/T_CobbleStone_Rough_N.uasset" to "../../../../../../Users/l201636464/Documents/Unreal Projects/UnrealBlank/Content/StarterContent/Textures/T_CobbleStone_Rough_N.uasset"
[2016.08.30-04.35.55:381][  0]LogPackFactory: Copied "../../../Samples/StarterContent/Content/StarterContent/Textures/T_CobbleStone_Smooth_D.uasset" to "../../../../../../Users/l201636464/Documents/Unreal Projects/UnrealBlank/Content/StarterContent/Textures/T_CobbleStone_Smooth_D.uasset"
[2016.08.30-04.35.55:467][  0]LogPackFactory: Copied "../../../Samples/StarterContent/Content/StarterContent/Textures/T_CobbleStone_Smooth_M.uasset" to "../../../../../../Users/l201636464/Documents/Unreal Projects/UnrealBlank/Content/StarterContent/Textures/T_CobbleStone_Smooth_M.uasset"
[2016.08.30-04.35.55:594][  0]LogPackFactory: Copied "../../../Samples/StarterContent/Content/StarterContent/Textures/T_CobbleStone_Smooth_N.uasset" to "../../../../../../Users/l201636464/Documents/Unreal Projects/UnrealBlank/Content/StarterContent/Textures/T_CobbleStone_Smooth_N.uasset"
[2016.08.30-04.35.55:688][  0]LogPackFactory: Copied "../../../Samples/StarterContent/Content/StarterContent/Textures/T_Concrete_Grime_D.uasset" to "../../../../../../Users/l201636464/Documents/Unreal Projects/UnrealBlank/Content/StarterContent/Textures/T_Concrete_Grime_D.uasset"
[2016.08.30-04.35.55:763][  0]LogPackFactory: Copied "../../../Samples/StarterContent/Content/StarterContent/Textures/T_Concrete_Panels_D.uasset" to "../../../../../../Users/l201636464/Documents/Unreal Projects/UnrealBlank/Content/StarterContent/Textures/T_Concrete_Panels_D.uasset"
[2016.08.30-04.35.55:795][  0]LogPackFactory: Copied "../../../Samples/StarterContent/Content/StarterContent/Textures/T_Concrete_Panels_N.uasset" to "../../../../../../Users/l201636464/Documents/Unreal Projects/UnrealBlank/Content/StarterContent/Textures/T_Concrete_Panels_N.uasset"
[2016.08.30-04.35.55:858][  0]LogPackFactory: Copied "../../../Samples/StarterContent/Content/StarterContent/Textures/T_Concrete_Poured_D.uasset" to "../../../../../../Users/l201636464/Documents/Unreal Projects/UnrealBlank/Content/StarterContent/Textures/T_Concrete_Poured_D.uasset"
[2016.08.30-04.35.55:886][  0]LogPackFactory: Copied "../../../Samples/StarterContent/Content/StarterContent/Textures/T_Concrete_Poured_N.uasset" to "../../../../../../Users/l201636464/Documents/Unreal Projects/UnrealBlank/Content/StarterContent/Textures/T_Concrete_Poured_N.uasset"
[2016.08.30-04.35.55:908][  0]LogPackFactory: Copied "../../../Samples/StarterContent/Content/StarterContent/Textures/T_Concrete_Tiles_D.uasset" to "../../../../../../Users/l201636464/Documents/Unreal Projects/UnrealBlank/Content/StarterContent/Textures/T_Concrete_Tiles_D.uasset"
[2016.08.30-04.35.55:939][  0]LogPackFactory: Copied "../../../Samples/StarterContent/Content/StarterContent/Textures/T_Concrete_Tiles_M.uasset" to "../../../../../../Users/l201636464/Documents/Unreal Projects/UnrealBlank/Content/StarterContent/Textures/T_Concrete_Tiles_M.uasset"
[2016.08.30-04.35.55:973][  0]LogPackFactory: Copied "../../../Samples/StarterContent/Content/StarterContent/Textures/T_Concrete_Tiles_N.uasset" to "../../../../../../Users/l201636464/Documents/Unreal Projects/UnrealBlank/Content/StarterContent/Textures/T_Concrete_Tiles_N.uasset"
[2016.08.30-04.35.56:017][  0]LogPackFactory: Copied "../../../Samples/StarterContent/Content/StarterContent/Textures/T_Concrete_Tiles_Variation_M.uasset" to "../../../../../../Users/l201636464/Documents/Unreal Projects/UnrealBlank/Content/StarterContent/Textures/T_Concrete_Tiles_Variation_M.uasset"
[2016.08.30-04.35.56:029][  0]LogPackFactory: Copied "../../../Samples/StarterContent/Content/StarterContent/Textures/T_Detail_Rocky_N.uasset" to "../../../../../../Users/l201636464/Documents/Unreal Projects/UnrealBlank/Content/StarterContent/Textures/T_Detail_Rocky_N.uasset"
[2016.08.30-04.35.56:034][  0]LogPackFactory: Copied "../../../Samples/StarterContent/Content/StarterContent/Textures/T_Door_M.uasset" to "../../../../../../Users/l201636464/Documents/Unreal Projects/UnrealBlank/Content/StarterContent/Textures/T_Door_M.uasset"
[2016.08.30-04.35.56:042][  0]LogPackFactory: Copied "../../../Samples/StarterContent/Content/StarterContent/Textures/T_Door_N.uasset" to "../../../../../../Users/l201636464/Documents/Unreal Projects/UnrealBlank/Content/StarterContent/Textures/T_Door_N.uasset"
[2016.08.30-04.35.56:075][  0]LogPackFactory: Copied "../../../Samples/StarterContent/Content/StarterContent/Textures/T_Dust_Particle_D.uasset" to "../../../../../../Users/l201636464/Documents/Unreal Projects/UnrealBlank/Content/StarterContent/Textures/T_Dust_Particle_D.uasset"
[2016.08.30-04.35.56:087][  0]LogPackFactory: Copied "../../../Samples/StarterContent/Content/StarterContent/Textures/T_Explosion_SubUV.uasset" to "../../../../../../Users/l201636464/Documents/Unreal Projects/UnrealBlank/Content/StarterContent/Textures/T_Explosion_SubUV.uasset"
[2016.08.30-04.35.56:093][  0]LogPackFactory: Copied "../../../Samples/StarterContent/Content/StarterContent/Textures/T_Fire_SubUV.uasset" to "../../../../../../Users/l201636464/Documents/Unreal Projects/UnrealBlank/Content/StarterContent/Textures/T_Fire_SubUV.uasset"
[2016.08.30-04.35.56:099][  0]LogPackFactory: Copied "../../../Samples/StarterContent/Content/StarterContent/Textures/T_Fire_Tiled_D.uasset" to "../../../../../../Users/l201636464/Documents/Unreal Projects/UnrealBlank/Content/StarterContent/Textures/T_Fire_Tiled_D.uasset"
[2016.08.30-04.35.56:118][  0]LogPackFactory: Copied "../../../Samples/StarterContent/Content/StarterContent/Textures/T_Frame_M.uasset" to "../../../../../../Users/l201636464/Documents/Unreal Projects/UnrealBlank/Content/StarterContent/Textures/T_Frame_M.uasset"
[2016.08.30-04.35.56:125][  0]LogPackFactory: Copied "../../../Samples/StarterContent/Content/StarterContent/Textures/T_Frame_N.uasset" to "../../../../../../Users/l201636464/Documents/Unreal Projects/UnrealBlank/Content/StarterContent/Textures/T_Frame_N.uasset"
[2016.08.30-04.35.56:131][  0]LogPackFactory: Copied "../../../Samples/StarterContent/Content/StarterContent/Textures/T_Gradinet_01.uasset" to "../../../../../../Users/l201636464/Documents/Unreal Projects/UnrealBlank/Content/StarterContent/Textures/T_Gradinet_01.uasset"
[2016.08.30-04.35.56:226][  0]LogPackFactory: Copied "../../../Samples/StarterContent/Content/StarterContent/Textures/T_Ground_Grass_D.uasset" to "../../../../../../Users/l201636464/Documents/Unreal Projects/UnrealBlank/Content/StarterContent/Textures/T_Ground_Grass_D.uasset"
[2016.08.30-04.35.56:316][  0]LogPackFactory: Copied "../../../Samples/StarterContent/Content/StarterContent/Textures/T_Ground_Grass_N.uasset" to "../../../../../../Users/l201636464/Documents/Unreal Projects/UnrealBlank/Content/StarterContent/Textures/T_Ground_Grass_N.uasset"
[2016.08.30-04.35.56:376][  0]LogPackFactory: Copied "../../../Samples/StarterContent/Content/StarterContent/Textures/T_Ground_Gravel_D.uasset" to "../../../../../../Users/l201636464/Documents/Unreal Projects/UnrealBlank/Content/StarterContent/Textures/T_Ground_Gravel_D.uasset"
[2016.08.30-04.35.56:402][  0]LogPackFactory: Copied "../../../Samples/StarterContent/Content/StarterContent/Textures/T_Ground_Gravel_N.uasset" to "../../../../../../Users/l201636464/Documents/Unreal Projects/UnrealBlank/Content/StarterContent/Textures/T_Ground_Gravel_N.uasset"
[2016.08.30-04.35.56:468][  0]LogPackFactory: Copied "../../../Samples/StarterContent/Content/StarterContent/Textures/T_ground_Moss_D.uasset" to "../../../../../../Users/l201636464/Documents/Unreal Projects/UnrealBlank/Content/StarterContent/Textures/T_ground_Moss_D.uasset"
[2016.08.30-04.35.56:506][  0]LogPackFactory: Copied "../../../Samples/StarterContent/Content/StarterContent/Textures/T_Ground_Moss_N.uasset" to "../../../../../../Users/l201636464/Documents/Unreal Projects/UnrealBlank/Content/StarterContent/Textures/T_Ground_Moss_N.uasset"
[2016.08.30-04.35.56:513][  0]LogPackFactory: Copied "../../../Samples/StarterContent/Content/StarterContent/Textures/T_Lamp_M.uasset" to "../../../../../../Users/l201636464/Documents/Unreal Projects/UnrealBlank/Content/StarterContent/Textures/T_Lamp_M.uasset"
[2016.08.30-04.35.56:523][  0]LogPackFactory: Copied "../../../Samples/StarterContent/Content/StarterContent/Textures/T_Lamp_N.uasset" to "../../../../../../Users/l201636464/Documents/Unreal Projects/UnrealBlank/Content/StarterContent/Textures/T_Lamp_N.uasset"
[2016.08.30-04.35.56:588][  0]LogPackFactory: Copied "../../../Samples/StarterContent/Content/StarterContent/Textures/T_MacroVariation.uasset" to "../../../../../../Users/l201636464/Documents/Unreal Projects/UnrealBlank/Content/StarterContent/Textures/T_MacroVariation.uasset"
[2016.08.30-04.35.56:705][  0]LogPackFactory: Copied "../../../Samples/StarterContent/Content/StarterContent/Textures/T_Metal_Aluminum_D.uasset" to "../../../../../../Users/l201636464/Documents/Unreal Projects/UnrealBlank/Content/StarterContent/Textures/T_Metal_Aluminum_D.uasset"
[2016.08.30-04.35.56:797][  0]LogPackFactory: Copied "../../../Samples/StarterContent/Content/StarterContent/Textures/T_Metal_Copper_D.uasset" to "../../../../../../Users/l201636464/Documents/Unreal Projects/UnrealBlank/Content/StarterContent/Textures/T_Metal_Copper_D.uasset"
[2016.08.30-04.35.57:534][  0]LogPackFactory: Copied "../../../Samples/StarterContent/Content/StarterContent/Textures/T_Metal_Gold_D.uasset" to "../../../../../../Users/l201636464/Documents/Unreal Projects/UnrealBlank/Content/StarterContent/Textures/T_Metal_Gold_D.uasset"
[2016.08.30-04.35.57:668][  0]LogPackFactory: Copied "../../../Samples/StarterContent/Content/StarterContent/Textures/T_Metal_Gold_N.uasset" to "../../../../../../Users/l201636464/Documents/Unreal Projects/UnrealBlank/Content/StarterContent/Textures/T_Metal_Gold_N.uasset"
[2016.08.30-04.35.57:750][  0]LogPackFactory: Copied "../../../Samples/StarterContent/Content/StarterContent/Textures/T_Metal_Rust_D.uasset" to "../../../../../../Users/l201636464/Documents/Unreal Projects/UnrealBlank/Content/StarterContent/Textures/T_Metal_Rust_D.uasset"
[2016.08.30-04.35.57:827][  0]LogPackFactory: Copied "../../../Samples/StarterContent/Content/StarterContent/Textures/T_Metal_Rust_N.uasset" to "../../../../../../Users/l201636464/Documents/Unreal Projects/UnrealBlank/Content/StarterContent/Textures/T_Metal_Rust_N.uasset"
[2016.08.30-04.35.57:881][  0]LogPackFactory: Copied "../../../Samples/StarterContent/Content/StarterContent/Textures/T_Metal_Steel_D.uasset" to "../../../../../../Users/l201636464/Documents/Unreal Projects/UnrealBlank/Content/StarterContent/Textures/T_Metal_Steel_D.uasset"
[2016.08.30-04.35.57:963][  0]LogPackFactory: Copied "../../../Samples/StarterContent/Content/StarterContent/Textures/T_Metal_Steel_N.uasset" to "../../../../../../Users/l201636464/Documents/Unreal Projects/UnrealBlank/Content/StarterContent/Textures/T_Metal_Steel_N.uasset"
[2016.08.30-04.35.58:036][  0]LogPackFactory: Copied "../../../Samples/StarterContent/Content/StarterContent/Textures/T_Perlin_Noise_M.uasset" to "../../../../../../Users/l201636464/Documents/Unreal Projects/UnrealBlank/Content/StarterContent/Textures/T_Perlin_Noise_M.uasset"
[2016.08.30-04.35.58:059][  0]LogPackFactory: Copied "../../../Samples/StarterContent/Content/StarterContent/Textures/T_RockMesh_M.uasset" to "../../../../../../Users/l201636464/Documents/Unreal Projects/UnrealBlank/Content/StarterContent/Textures/T_RockMesh_M.uasset"
[2016.08.30-04.35.58:144][  0]LogPackFactory: Copied "../../../Samples/StarterContent/Content/StarterContent/Textures/T_RockMesh_N.uasset" to "../../../../../../Users/l201636464/Documents/Unreal Projects/UnrealBlank/Content/StarterContent/Textures/T_RockMesh_N.uasset"
[2016.08.30-04.35.58:243][  0]LogPackFactory: Copied "../../../Samples/StarterContent/Content/StarterContent/Textures/T_Rock_Basalt_D.uasset" to "../../../../../../Users/l201636464/Documents/Unreal Projects/UnrealBlank/Content/StarterContent/Textures/T_Rock_Basalt_D.uasset"
[2016.08.30-04.35.58:316][  0]LogPackFactory: Copied "../../../Samples/StarterContent/Content/StarterContent/Textures/T_Rock_Basalt_N.uasset" to "../../../../../../Users/l201636464/Documents/Unreal Projects/UnrealBlank/Content/StarterContent/Textures/T_Rock_Basalt_N.uasset"
[2016.08.30-04.35.58:395][  0]LogPackFactory: Copied "../../../Samples/StarterContent/Content/StarterContent/Textures/T_Rock_Marble_Polished_D.uasset" to "../../../../../../Users/l201636464/Documents/Unreal Projects/UnrealBlank/Content/StarterContent/Textures/T_Rock_Marble_Polished_D.uasset"
[2016.08.30-04.35.58:502][  0]LogPackFactory: Copied "../../../Samples/StarterContent/Content/StarterContent/Textures/T_Rock_Sandstone_D.uasset" to "../../../../../../Users/l201636464/Documents/Unreal Projects/UnrealBlank/Content/StarterContent/Textures/T_Rock_Sandstone_D.uasset"
[2016.08.30-04.35.58:746][  0]LogPackFactory: Copied "../../../Samples/StarterContent/Content/StarterContent/Textures/T_Rock_Sandstone_N.uasset" to "../../../../../../Users/l201636464/Documents/Unreal Projects/UnrealBlank/Content/StarterContent/Textures/T_Rock_Sandstone_N.uasset"
[2016.08.30-04.35.58:869][  0]LogPackFactory: Copied "../../../Samples/StarterContent/Content/StarterContent/Textures/T_Rock_Slate_D.uasset" to "../../../../../../Users/l201636464/Documents/Unreal Projects/UnrealBlank/Content/StarterContent/Textures/T_Rock_Slate_D.uasset"
[2016.08.30-04.35.59:088][  0]LogPackFactory: Copied "../../../Samples/StarterContent/Content/StarterContent/Textures/T_Rock_Slate_N.uasset" to "../../../../../../Users/l201636464/Documents/Unreal Projects/UnrealBlank/Content/StarterContent/Textures/T_Rock_Slate_N.uasset"
[2016.08.30-04.35.59:171][  0]LogPackFactory: Copied "../../../Samples/StarterContent/Content/StarterContent/Textures/T_Rock_Smooth_Granite_D.uasset" to "../../../../../../Users/l201636464/Documents/Unreal Projects/UnrealBlank/Content/StarterContent/Textures/T_Rock_Smooth_Granite_D.uasset"
[2016.08.30-04.35.59:197][  0]LogPackFactory: Copied "../../../Samples/StarterContent/Content/StarterContent/Textures/T_Shelf_M.uasset" to "../../../../../../Users/l201636464/Documents/Unreal Projects/UnrealBlank/Content/StarterContent/Textures/T_Shelf_M.uasset"
[2016.08.30-04.35.59:213][  0]LogPackFactory: Copied "../../../Samples/StarterContent/Content/StarterContent/Textures/T_Shelf_N.uasset" to "../../../../../../Users/l201636464/Documents/Unreal Projects/UnrealBlank/Content/StarterContent/Textures/T_Shelf_N.uasset"
[2016.08.30-04.35.59:256][  0]LogPackFactory: Copied "../../../Samples/StarterContent/Content/StarterContent/Textures/T_Single_Tile_N.uasset" to "../../../../../../Users/l201636464/Documents/Unreal Projects/UnrealBlank/Content/StarterContent/Textures/T_Single_Tile_N.uasset"
[2016.08.30-04.35.59:414][  0]LogPackFactory: Copied "../../../Samples/StarterContent/Content/StarterContent/Textures/T_Smoke_SubUV.uasset" to "../../../../../../Users/l201636464/Documents/Unreal Projects/UnrealBlank/Content/StarterContent/Textures/T_Smoke_SubUV.uasset"
[2016.08.30-04.36.00:025][  0]LogPackFactory: Copied "../../../Samples/StarterContent/Content/StarterContent/Textures/T_Smoke_Tiled_D.uasset" to "../../../../../../Users/l201636464/Documents/Unreal Projects/UnrealBlank/Content/StarterContent/Textures/T_Smoke_Tiled_D.uasset"
[2016.08.30-04.36.00:050][  0]LogPackFactory: Copied "../../../Samples/StarterContent/Content/StarterContent/Textures/T_Spark_Core.uasset" to "../../../../../../Users/l201636464/Documents/Unreal Projects/UnrealBlank/Content/StarterContent/Textures/T_Spark_Core.uasset"
[2016.08.30-04.36.00:078][  0]LogPackFactory: Copied "../../../Samples/StarterContent/Content/StarterContent/Textures/T_Statue_M.uasset" to "../../../../../../Users/l201636464/Documents/Unreal Projects/UnrealBlank/Content/StarterContent/Textures/T_Statue_M.uasset"
[2016.08.30-04.36.00:097][  0]LogPackFactory: Copied "../../../Samples/StarterContent/Content/StarterContent/Textures/T_Statue_N.uasset" to "../../../../../../Users/l201636464/Documents/Unreal Projects/UnrealBlank/Content/StarterContent/Textures/T_Statue_N.uasset"
[2016.08.30-04.36.00:112][  0]LogPackFactory: Copied "../../../Samples/StarterContent/Content/StarterContent/Textures/T_TableRound_M.uasset" to "../../../../../../Users/l201636464/Documents/Unreal Projects/UnrealBlank/Content/StarterContent/Textures/T_TableRound_M.uasset"
[2016.08.30-04.36.00:139][  0]LogPackFactory: Copied "../../../Samples/StarterContent/Content/StarterContent/Textures/T_TableRound_N.uasset" to "../../../../../../Users/l201636464/Documents/Unreal Projects/UnrealBlank/Content/StarterContent/Textures/T_TableRound_N.uasset"
[2016.08.30-04.36.00:166][  0]LogPackFactory: Copied "../../../Samples/StarterContent/Content/StarterContent/Textures/T_Tech_Dot_M.uasset" to "../../../../../../Users/l201636464/Documents/Unreal Projects/UnrealBlank/Content/StarterContent/Textures/T_Tech_Dot_M.uasset"
[2016.08.30-04.36.00:173][  0]LogPackFactory: Copied "../../../Samples/StarterContent/Content/StarterContent/Textures/T_Tech_Dot_N.uasset" to "../../../../../../Users/l201636464/Documents/Unreal Projects/UnrealBlank/Content/StarterContent/Textures/T_Tech_Dot_N.uasset"
[2016.08.30-04.36.00:182][  0]LogPackFactory: Copied "../../../Samples/StarterContent/Content/StarterContent/Textures/T_Tech_Hex_Tile_M.uasset" to "../../../../../../Users/l201636464/Documents/Unreal Projects/UnrealBlank/Content/StarterContent/Textures/T_Tech_Hex_Tile_M.uasset"
[2016.08.30-04.36.00:190][  0]LogPackFactory: Copied "../../../Samples/StarterContent/Content/StarterContent/Textures/T_Tech_Hex_Tile_N.uasset" to "../../../../../../Users/l201636464/Documents/Unreal Projects/UnrealBlank/Content/StarterContent/Textures/T_Tech_Hex_Tile_N.uasset"
[2016.08.30-04.36.00:199][  0]LogPackFactory: Copied "../../../Samples/StarterContent/Content/StarterContent/Textures/T_Tech_Panel_M.uasset" to "../../../../../../Users/l201636464/Documents/Unreal Projects/UnrealBlank/Content/StarterContent/Textures/T_Tech_Panel_M.uasset"
[2016.08.30-04.36.00:208][  0]LogPackFactory: Copied "../../../Samples/StarterContent/Content/StarterContent/Textures/T_Tech_Panel_N.uasset" to "../../../../../../Users/l201636464/Documents/Unreal Projects/UnrealBlank/Content/StarterContent/Textures/T_Tech_Panel_N.uasset"
[2016.08.30-04.36.00:217][  0]LogPackFactory: Copied "../../../Samples/StarterContent/Content/StarterContent/Textures/T_Water_M.uasset" to "../../../../../../Users/l201636464/Documents/Unreal Projects/UnrealBlank/Content/StarterContent/Textures/T_Water_M.uasset"
[2016.08.30-04.36.00:227][  0]LogPackFactory: Copied "../../../Samples/StarterContent/Content/StarterContent/Textures/T_Water_N.uasset" to "../../../../../../Users/l201636464/Documents/Unreal Projects/UnrealBlank/Content/StarterContent/Textures/T_Water_N.uasset"
[2016.08.30-04.36.00:244][  0]LogPackFactory: Copied "../../../Samples/StarterContent/Content/StarterContent/Textures/T_Wood_Floor_Walnut_D.uasset" to "../../../../../../Users/l201636464/Documents/Unreal Projects/UnrealBlank/Content/StarterContent/Textures/T_Wood_Floor_Walnut_D.uasset"
[2016.08.30-04.36.00:259][  0]LogPackFactory: Copied "../../../Samples/StarterContent/Content/StarterContent/Textures/T_Wood_Floor_Walnut_M.uasset" to "../../../../../../Users/l201636464/Documents/Unreal Projects/UnrealBlank/Content/StarterContent/Textures/T_Wood_Floor_Walnut_M.uasset"
[2016.08.30-04.36.00:271][  0]LogPackFactory: Copied "../../../Samples/StarterContent/Content/StarterContent/Textures/T_Wood_Floor_Walnut_N.uasset" to "../../../../../../Users/l201636464/Documents/Unreal Projects/UnrealBlank/Content/StarterContent/Textures/T_Wood_Floor_Walnut_N.uasset"
[2016.08.30-04.36.00:306][  0]LogPackFactory: Copied "../../../Samples/StarterContent/Content/StarterContent/Textures/T_Wood_Oak_D.uasset" to "../../../../../../Users/l201636464/Documents/Unreal Projects/UnrealBlank/Content/StarterContent/Textures/T_Wood_Oak_D.uasset"
[2016.08.30-04.36.00:338][  0]LogPackFactory: Copied "../../../Samples/StarterContent/Content/StarterContent/Textures/T_Wood_Oak_N.uasset" to "../../../../../../Users/l201636464/Documents/Unreal Projects/UnrealBlank/Content/StarterContent/Textures/T_Wood_Oak_N.uasset"
[2016.08.30-04.36.00:393][  0]LogPackFactory: Copied "../../../Samples/StarterContent/Content/StarterContent/Textures/T_Wood_Pine_D.uasset" to "../../../../../../Users/l201636464/Documents/Unreal Projects/UnrealBlank/Content/StarterContent/Textures/T_Wood_Pine_D.uasset"
[2016.08.30-04.36.00:407][  0]LogPackFactory: Copied "../../../Samples/StarterContent/Content/StarterContent/Textures/T_Wood_Pine_N.uasset" to "../../../../../../Users/l201636464/Documents/Unreal Projects/UnrealBlank/Content/StarterContent/Textures/T_Wood_Pine_N.uasset"
[2016.08.30-04.36.00:448][  0]LogPackFactory: Copied "../../../Samples/StarterContent/Content/StarterContent/Textures/T_Wood_Walnut_D.uasset" to "../../../../../../Users/l201636464/Documents/Unreal Projects/UnrealBlank/Content/StarterContent/Textures/T_Wood_Walnut_D.uasset"
[2016.08.30-04.36.00:477][  0]LogPackFactory: Copied "../../../Samples/StarterContent/Content/StarterContent/Textures/T_Wood_Walnut_N.uasset" to "../../../../../../Users/l201636464/Documents/Unreal Projects/UnrealBlank/Content/StarterContent/Textures/T_Wood_Walnut_N.uasset"
[2016.08.30-04.36.00:646][  0]LogRenderer: Reallocating scene render targets to support 256x256 (Frame:2).
[2016.08.30-04.36.00:736][  0]LogSavePackage: Save=9.46ms
[2016.08.30-04.36.00:736][  0]LogSavePackage: Moving '../../../../../../Users/l201636464/Documents/Unreal Projects/UnrealBlank/Saved/Floor_400x4004CE8012A441D9997038D56BD70820326.tmp' to '../../../../../../Users/l201636464/Documents/Unreal Projects/UnrealBlank/Content/StarterContent/Architecture/Floor_400x400.uasset'
[2016.08.30-04.36.00:738][  0]LogSavePackage: Total save time: 14.95ms
[2016.08.30-04.36.00:738][  0]LogSavePackage:Display: Finished SavePackage ../../../../../../Users/l201636464/Documents/Unreal Projects/UnrealBlank/Content/StarterContent/Architecture/Floor_400x400.uasset
[2016.08.30-04.36.00:738][  0]LogFeaturePack:Warning: Inserted 1 feature packs
[2016.08.30-04.36.00:740][  0]Cmd: MAP LOAD FILE="../../../../../../Users/l201636464/Documents/Unreal Projects/UnrealBlank/Content/StarterContent/Maps/Minimal_Default.umap" TEMPLATE=0 SHOWPROGRESS=1 FEATURELEVEL=3
[2016.08.30-04.36.00:741][  0]LightingResults: New page: Lighting Build
[2016.08.30-04.36.00:742][  0]MapCheck: New page: Map Check
[2016.08.30-04.36.00:742][  0]LightingResults: New page: Lighting Build
[2016.08.30-04.36.01:002][  0]LogTexture:Display: Building textures: HQ_Lightmap1_1 (AutoDXT)
[2016.08.30-04.36.01:070][  0]LogTexture:Display: Building textures: HQ_Lightmap1_2 (AutoDXT)
[2016.08.30-04.36.01:077][  0]LogTexture:Display: Building textures: LQ_Lightmap_1_1 (DXT1)
[2016.08.30-04.36.01:104][  0]LogTexture:Display: Building textures: LQ_Lightmap_1_2 (DXT1)
[2016.08.30-04.36.01:110][  0]LogTexture:Display: Building textures: ShadowMapTexture2D_2 (BGRA8)
[2016.08.30-04.36.01:114][  0]LogTexture:Display: Building textures: ShadowMapTexture2D_3 (BGRA8)
[2016.08.30-04.36.01:251][  0]LogTexture:Display: Building textures: T_Chair_N (BC5)
[2016.08.30-04.36.01:591][  0]LogTexture:Display: Building textures: T_Chair_M (AutoDXT)
[2016.08.30-04.36.02:307][  0]LogTexture:Display: Building textures: T_Metal_Copper_D (AutoDXT)
[2016.08.30-04.36.04:169][  0]LogTexture:Display: Building textures: T_Statue_N (BC5)
[2016.08.30-04.36.04:299][  0]LogTexture:Display: Building textures: T_Statue_M (AutoDXT)
[2016.08.30-04.36.05:096][  0]LogTexture:Display: Building textures: T_TableRound_M (DXT1)
[2016.08.30-04.36.05:599][  0]LogTexture:Display: Building textures: T_TableRound_N (BC5)
[2016.08.30-04.36.05:987][  0]LogTexture:Display: Building textures: T_Metal_Gold_N (BC5)
[2016.08.30-04.36.06:423][  0]LogTexture:Display: Building textures: T_Metal_Aluminum_D (AutoDXT)
[2016.08.30-04.36.08:469][  0]LogTexture:Display: Building textures: T_MacroVariation (AutoDXT)
[2016.08.30-04.36.10:748][  0]LogAIModule: Creating AISystem for world Minimal_Default
[2016.08.30-04.36.10:761][  0]LogTexture:Display: Building textures: S_AudioComponent_AutoActivate (BGRA8)
[2016.08.30-04.36.10:772][  0]LogEditorServer: Finished looking for orphan Actors (0.000 secs)
[2016.08.30-04.36.10:773][  0]Cmd: MAP CHECKDEP NOCLEARLOG
[2016.08.30-04.36.10:813][  0]MapCheck: Info Map check complete: 0 Error(s), 0 Warning(s), took 40.228ms to complete.
[2016.08.30-04.36.10:813][  0]LogFileHelpers: Loading map 'Minimal_Default' took 10.073
[2016.08.30-04.36.10:930][  0]LogCollectionManager: Loaded 0 collections in 0.000931 seconds
[2016.08.30-04.36.10:967][  0]LogFileCache: Scanning file cache for directory 'C:/Users/l201636464/Documents/Unreal Projects/UnrealBlank/Saved/Collections/' took 0.01s
[2016.08.30-04.36.10:967][  0]LogFileCache: Scanning file cache for directory 'C:/Users/l201636464/Documents/Unreal Projects/UnrealBlank/Content/Developers/l201636464/Collections/' took 0.01s
[2016.08.30-04.36.10:967][  0]LogFileCache: Scanning file cache for directory 'C:/Users/l201636464/Documents/Unreal Projects/UnrealBlank/Content/Collections/' took 0.01s
[2016.08.30-04.36.10:968][  0]LogCollectionManager: Rebuilt the GUID cache for 0 collections in 0.000002 seconds
[2016.08.30-04.36.10:973][